#
# There is insufficient memory for the Java Runtime Environment to continue.
# Native memory allocation (malloc) failed to allocate 57376 bytes. Error detail: Chunk::new
# Possible reasons:
#   The system is out of physical RAM or swap space
#   This process is running with CompressedOops enabled, and the Java Heap may be blocking the growth of the native heap
# Possible solutions:
#   Reduce memory load on the system
#   Increase physical memory or swap space
#   Check if swap backing store is full
#   Decrease Java heap size (-Xmx/-Xms)
#   Decrease number of Java threads
#   Decrease Java thread stack sizes (-Xss)
#   Set larger code cache with -XX:ReservedCodeCacheSize=
#   JVM is running with Unscaled Compressed Oops mode in which the Java heap is
#     placed in the first 4GB address space. The Java Heap base address is the
#     maximum limit for the native heap growth. Please use -XX:HeapBaseMinAddress
#     to set the Java Heap base and to place the Java Heap above 4GB virtual address.
# This output file may be truncated or incomplete.
#
#  Out of Memory Error (arena.cpp:168), pid=10444, tid=14304
#
# JRE version: OpenJDK Runtime Environment Temurin-21.0.8+9 (21.0.8+9) (build 21.0.8+9-LTS)
# Java VM: OpenJDK 64-Bit Server VM Temurin-21.0.8+9 (21.0.8+9-LTS, mixed mode, sharing, tiered, compressed oops, compressed class ptrs, parallel gc, windows-amd64)
# No core dump will be written. Minidumps are not enabled by default on client versions of Windows
#

---------------  S U M M A R Y ------------

Command Line: --add-modules=ALL-SYSTEM --add-opens=java.base/java.util=ALL-UNNAMED --add-opens=java.base/java.lang=ALL-UNNAMED --add-opens=java.base/sun.nio.fs=ALL-UNNAMED -Declipse.application=org.eclipse.jdt.ls.core.id1 -Dosgi.bundles.defaultStartLevel=4 -Declipse.product=org.eclipse.jdt.ls.core.product -Djava.import.generatesMetadataFilesAtProjectRoot=false -DDetectVMInstallationsJob.disabled=true -Dfile.encoding=utf8 -XX:+UseParallelGC -XX:GCTimeRatio=4 -XX:AdaptiveSizePolicyWeight=90 -Dsun.zip.disableMemoryMapping=true -Xmx2G -Xms100m -Xlog:disable -javaagent:c:\Users\flori\.vscode\extensions\redhat.java-1.47.0-win32-x64\lombok\lombok-1.18.39-4050.jar c:\Users\flori\.vscode\extensions\redhat.java-1.47.0-win32-x64\server\plugins\org.eclipse.equinox.launcher_1.7.100.v20251014-1222.jar -configuration c:\Users\flori\AppData\Roaming\Code\User\globalStorage\redhat.java\1.47.0\config_ss_win -data c:\Users\flori\AppData\Roaming\Code\User\workspaceStorage\922dd2b1b8cc3bc3e6c8fdcfeb8b0709\redhat.java\ss_ws --pipe=\\.\pipe\lsp-141c4dd8febd21f65bea649de6be7d76-sock

Host: AMD Ryzen 5 4500U with Radeon Graphics         , 6 cores, 7G,  Windows 11 , 64 bit Build 26100 (10.0.26100.6725)
Time: Sat Nov  8 20:46:56 2025 Mitteleuropäische Zeit elapsed time: 1.290050 seconds (0d 0h 0m 1s)

---------------  T H R E A D  ---------------

Current thread (0x00000165de90f720):  JavaThread "C2 CompilerThread1" daemon [_thread_in_native, id=14304, stack(0x0000001bd7b00000,0x0000001bd7c00000) (1024K)]


Current CompileTask:
C2:1290  567       4       java.util.HashMap$HashIterator::nextNode (100 bytes)

Stack: [0x0000001bd7b00000,0x0000001bd7c00000]
Native frames: (J=compiled Java code, j=interpreted, Vv=VM code, C=native code)
V  [jvm.dll+0x6d2449]
V  [jvm.dll+0x8ae341]
V  [jvm.dll+0x8b08be]
V  [jvm.dll+0x8b0fa3]
V  [jvm.dll+0x280c96]
V  [jvm.dll+0xc581d]
V  [jvm.dll+0xc5d53]
V  [jvm.dll+0x2f539d]
V  [jvm.dll+0x5fa00a]
V  [jvm.dll+0x252092]
V  [jvm.dll+0x25244f]
V  [jvm.dll+0x24ad14]
V  [jvm.dll+0x2483a4]
V  [jvm.dll+0x1c89ee]
V  [jvm.dll+0x257d4d]
V  [jvm.dll+0x2562ea]
V  [jvm.dll+0x3f2d16]
V  [jvm.dll+0x857e6b]
V  [jvm.dll+0x6d0b0d]
C  [ucrtbase.dll+0x37b0]
C  [KERNEL32.DLL+0x2e8d7]
C  [ntdll.dll+0x8c53c]


---------------  P R O C E S S  ---------------

Threads class SMR info:
_java_thread_list=0x00000165de986410, length=12, elements={
0x0000016583699370, 0x0000016585a8d380, 0x0000016585a909f0, 0x0000016585a93110,
0x0000016585a93d60, 0x0000016585a96bc0, 0x0000016585a97610, 0x0000016585a9a450,
0x0000016585afe160, 0x00000165de7f9f40, 0x00000165dea60780, 0x00000165de90f720
}

Java Threads: ( => current thread )
  0x0000016583699370 JavaThread "main"                              [_thread_in_vm, id=19656, stack(0x0000001bd6d00000,0x0000001bd6e00000) (1024K)]
  0x0000016585a8d380 JavaThread "Reference Handler"          daemon [_thread_blocked, id=3068, stack(0x0000001bd7100000,0x0000001bd7200000) (1024K)]
  0x0000016585a909f0 JavaThread "Finalizer"                  daemon [_thread_blocked, id=5484, stack(0x0000001bd7200000,0x0000001bd7300000) (1024K)]
  0x0000016585a93110 JavaThread "Signal Dispatcher"          daemon [_thread_blocked, id=5792, stack(0x0000001bd7300000,0x0000001bd7400000) (1024K)]
  0x0000016585a93d60 JavaThread "Attach Listener"            daemon [_thread_blocked, id=8700, stack(0x0000001bd7400000,0x0000001bd7500000) (1024K)]
  0x0000016585a96bc0 JavaThread "Service Thread"             daemon [_thread_blocked, id=19328, stack(0x0000001bd7500000,0x0000001bd7600000) (1024K)]
  0x0000016585a97610 JavaThread "Monitor Deflation Thread"   daemon [_thread_blocked, id=4336, stack(0x0000001bd7600000,0x0000001bd7700000) (1024K)]
  0x0000016585a9a450 JavaThread "C2 CompilerThread0"         daemon [_thread_blocked, id=21512, stack(0x0000001bd7700000,0x0000001bd7800000) (1024K)]
  0x0000016585afe160 JavaThread "C1 CompilerThread0"         daemon [_thread_in_vm, id=10752, stack(0x0000001bd7800000,0x0000001bd7900000) (1024K)]
  0x00000165de7f9f40 JavaThread "Common-Cleaner"             daemon [_thread_blocked, id=8724, stack(0x0000001bd7900000,0x0000001bd7a00000) (1024K)]
  0x00000165dea60780 JavaThread "Notification Thread"        daemon [_thread_blocked, id=11128, stack(0x0000001bd7a00000,0x0000001bd7b00000) (1024K)]
=>0x00000165de90f720 JavaThread "C2 CompilerThread1"         daemon [_thread_in_native, id=14304, stack(0x0000001bd7b00000,0x0000001bd7c00000) (1024K)]
Total: 12

Other Threads:
  0x0000016585a713d0 VMThread "VM Thread"                           [id=16196, stack(0x0000001bd7000000,0x0000001bd7100000) (1024K)]
  0x00000165859ec8d0 WatcherThread "VM Periodic Task Thread"        [id=24636, stack(0x0000001bd6f00000,0x0000001bd7000000) (1024K)]
  0x0000016585b7ac80 WorkerThread "GC Thread#0"                     [id=11700, stack(0x0000001bd6e00000,0x0000001bd6f00000) (1024K)]
Total: 3

Threads with active compile tasks:
C1 CompilerThread0  1314  580       3       sun.security.util.KnownOIDs::register (349 bytes)
C2 CompilerThread1  1314  567       4       java.util.HashMap$HashIterator::nextNode (100 bytes)
Total: 2

VM state: not at safepoint (normal execution)

VM Mutex/Monitor currently owned by a thread: None

Heap address: 0x0000000080000000, size: 2048 MB, Compressed Oops mode: 32-bit

CDS archive(s) mapped at: [0x000001659d000000-0x000001659dba0000-0x000001659dba0000), size 12189696, SharedBaseAddress: 0x000001659d000000, ArchiveRelocationMode: 1.
Compressed class space mapped at: 0x000001659e000000-0x00000165de000000, reserved size: 1073741824
Narrow klass base: 0x000001659d000000, Narrow klass shift: 0, Narrow klass range: 0x100000000

GC Precious Log:
 CardTable entry size: 512
 CPUs: 6 total, 6 available
 Memory: 7533M
 Large Page Support: Disabled
 NUMA Support: Disabled
 Compressed Oops: Enabled (32-bit)
 Alignments: Space 512K, Generation 512K, Heap 2M
 Heap Min Capacity: 100M
 Heap Initial Capacity: 100M
 Heap Max Capacity: 2G
 Pre-touch: Disabled
 Parallel Workers: 6

Heap:
 PSYoungGen      total 29696K, used 10774K [0x00000000d5580000, 0x00000000d7680000, 0x0000000100000000)
  eden space 25600K, 42% used [0x00000000d5580000,0x00000000d6005a18,0x00000000d6e80000)
  from space 4096K, 0% used [0x00000000d7280000,0x00000000d7280000,0x00000000d7680000)
  to   space 4096K, 0% used [0x00000000d6e80000,0x00000000d6e80000,0x00000000d7280000)
 ParOldGen       total 68608K, used 0K [0x0000000080000000, 0x0000000084300000, 0x00000000d5580000)
  object space 68608K, 0% used [0x0000000080000000,0x0000000080000000,0x0000000084300000)
 Metaspace       used 1386K, committed 1600K, reserved 1114112K
  class space    used 134K, committed 256K, reserved 1048576K

Card table byte_map: [0x0000016585500000,0x0000016585910000] _byte_map_base: 0x0000016585100000

Marking Bits: (ParMarkBitMap*) 0x00007ffc9541a340
 Begin Bits: [0x0000016598000000, 0x000001659a000000)
 End Bits:   [0x000001659a000000, 0x000001659c000000)

Polling page: 0x0000016583900000

Metaspace:

Usage:
  Non-class:      1.22 MB used.
      Class:    134.74 KB used.
       Both:      1.35 MB used.

Virtual space:
  Non-class space:       64.00 MB reserved,       1.31 MB (  2%) committed,  1 nodes.
      Class space:        1.00 GB reserved,     256.00 KB ( <1%) committed,  1 nodes.
             Both:        1.06 GB reserved,       1.56 MB ( <1%) committed. 

Chunk freelists:
   Non-Class:  11.66 MB
       Class:  15.67 MB
        Both:  27.33 MB

MaxMetaspaceSize: unlimited
CompressedClassSpaceSize: 1.00 GB
Initial GC threshold: 21.00 MB
Current GC threshold: 21.00 MB
CDS: on
 - commit_granule_bytes: 65536.
 - commit_granule_words: 8192.
 - virtual_space_node_default_size: 8388608.
 - enlarge_chunks_in_place: 1.
 - use_allocation_guard: 0.


Internal statistics:

num_allocs_failed_limit: 0.
num_arena_births: 74.
num_arena_deaths: 0.
num_vsnodes_births: 2.
num_vsnodes_deaths: 0.
num_space_committed: 25.
num_space_uncommitted: 0.
num_chunks_returned_to_freelist: 0.
num_chunks_taken_from_freelist: 96.
num_chunk_merges: 0.
num_chunk_splits: 67.
num_chunks_enlarged: 43.
num_inconsistent_stats: 0.

CodeHeap 'non-profiled nmethods': size=120000Kb used=206Kb max_used=206Kb free=119794Kb
 bounds [0x0000016590820000, 0x0000016590a90000, 0x0000016597d50000]
CodeHeap 'profiled nmethods': size=120000Kb used=853Kb max_used=853Kb free=119146Kb
 bounds [0x0000016588d50000, 0x0000016588fc0000, 0x0000016590280000]
CodeHeap 'non-nmethods': size=5760Kb used=1153Kb max_used=1167Kb free=4606Kb
 bounds [0x0000016590280000, 0x00000165904f0000, 0x0000016590820000]
CodeCache: size=245760Kb, used=2212Kb, max_used=2226Kb, free=243546Kb
 total_blobs=982, nmethods=580, adapters=309, full_count=0
Compilation: enabled, stopped_count=0, restarted_count=0

Compilation events (20 events):
Event: 1.212 Thread 0x0000016585afe160  560       3       lombok.patcher.scripts.MethodLevelPatchScript::patch (21 bytes)
Event: 1.212 Thread 0x0000016585afe160 nmethod 560 0x0000016588e14e10 code [0x0000016588e14fe0, 0x0000016588e15268]
Event: 1.215 Thread 0x00000165de90f720 nmethod 552 0x000001659084d810 code [0x000001659084d9e0, 0x000001659084dec0]
Event: 1.215 Thread 0x00000165de90f720  554       4       java.lang.String::toString (2 bytes)
Event: 1.215 Thread 0x00000165de90f720 nmethod 554 0x000001659084e190 code [0x000001659084e320, 0x000001659084e3a8]
Event: 1.215 Thread 0x00000165de90f720  548       4       java.lang.StringBuilder::append (8 bytes)
Event: 1.216 Thread 0x0000016585afe160  562       3       jdk.internal.org.objectweb.asm.ByteVector::<init> (13 bytes)
Event: 1.216 Thread 0x0000016585afe160 nmethod 562 0x0000016588e15390 code [0x0000016588e15540, 0x0000016588e15760]
Event: 1.217 Thread 0x0000016585afe160  563       3       lombok.patcher.PatchScript::classMatches (41 bytes)
Event: 1.218 Thread 0x0000016585afe160 nmethod 563 0x0000016588e15810 code [0x0000016588e15a40, 0x0000016588e160a8]
Event: 1.220 Thread 0x00000165de90f720 nmethod 548 0x000001659084e490 code [0x000001659084e660, 0x000001659084ecd0]
Event: 1.220 Thread 0x00000165de90f720  558       4       java.lang.StringLatin1::charAt (15 bytes)
Event: 1.220 Thread 0x00000165de90f720 nmethod 558 0x000001659084f090 code [0x000001659084f220, 0x000001659084f2e8]
Event: 1.225 Thread 0x0000016585afe160  564       3       java.lang.reflect.Modifier::isStatic (13 bytes)
Event: 1.225 Thread 0x0000016585afe160 nmethod 564 0x0000016588e16310 code [0x0000016588e164a0, 0x0000016588e165e0]
Event: 1.232 Thread 0x0000016585afe160  565 %     3       java.util.Properties$LineReader::readLine @ 224 (584 bytes)
Event: 1.234 Thread 0x0000016585afe160 nmethod 565% 0x0000016588e16690 code [0x0000016588e16a80, 0x0000016588e19508]
Event: 1.235 Thread 0x0000016585afe160  566       3       lombok.patcher.scripts.AddFieldScript::patch (55 bytes)
Event: 1.236 Thread 0x0000016585afe160 nmethod 566 0x0000016588e1a210 code [0x0000016588e1a440, 0x0000016588e1abb0]
Event: 1.236 Thread 0x00000165de90f720  567       4       java.util.HashMap$HashIterator::nextNode (100 bytes)

GC Heap History (0 events):
No events

Dll operation events (8 events):
Event: 0.060 Loaded shared library c:\Users\flori\.vscode\extensions\redhat.java-1.47.0-win32-x64\jre\21.0.8-win32-x86_64\bin\java.dll
Event: 0.250 Loaded shared library c:\Users\flori\.vscode\extensions\redhat.java-1.47.0-win32-x64\jre\21.0.8-win32-x86_64\bin\zip.dll
Event: 0.472 Loaded shared library C:\Users\flori\.vscode\extensions\redhat.java-1.47.0-win32-x64\jre\21.0.8-win32-x86_64\bin\instrument.dll
Event: 0.480 Loaded shared library C:\Users\flori\.vscode\extensions\redhat.java-1.47.0-win32-x64\jre\21.0.8-win32-x86_64\bin\net.dll
Event: 0.872 Loaded shared library C:\Users\flori\.vscode\extensions\redhat.java-1.47.0-win32-x64\jre\21.0.8-win32-x86_64\bin\nio.dll
Event: 0.878 Loaded shared library C:\Users\flori\.vscode\extensions\redhat.java-1.47.0-win32-x64\jre\21.0.8-win32-x86_64\bin\zip.dll
Event: 0.902 Loaded shared library C:\Users\flori\.vscode\extensions\redhat.java-1.47.0-win32-x64\jre\21.0.8-win32-x86_64\bin\jimage.dll
Event: 1.057 Loaded shared library c:\Users\flori\.vscode\extensions\redhat.java-1.47.0-win32-x64\jre\21.0.8-win32-x86_64\bin\verify.dll

Deoptimization events (20 events):
Event: 0.910 Thread 0x0000016583699370 DEOPT PACKING pc=0x0000016588d8bcc9 sp=0x0000001bd6dfe3a0
Event: 0.910 Thread 0x0000016583699370 DEOPT UNPACKING pc=0x00000165902d4242 sp=0x0000001bd6dfd828 mode 0
Event: 0.911 Thread 0x0000016583699370 DEOPT PACKING pc=0x0000016588d8bcc9 sp=0x0000001bd6dfe3a0
Event: 0.911 Thread 0x0000016583699370 DEOPT UNPACKING pc=0x00000165902d4242 sp=0x0000001bd6dfd828 mode 0
Event: 0.911 Thread 0x0000016583699370 DEOPT PACKING pc=0x0000016588d8bcc9 sp=0x0000001bd6dfe3a0
Event: 0.911 Thread 0x0000016583699370 DEOPT UNPACKING pc=0x00000165902d4242 sp=0x0000001bd6dfd828 mode 0
Event: 0.912 Thread 0x0000016583699370 DEOPT PACKING pc=0x0000016588d8bcc9 sp=0x0000001bd6dfe3a0
Event: 0.912 Thread 0x0000016583699370 DEOPT UNPACKING pc=0x00000165902d4242 sp=0x0000001bd6dfd828 mode 0
Event: 0.912 Thread 0x0000016583699370 DEOPT PACKING pc=0x0000016588d8bcc9 sp=0x0000001bd6dfe3a0
Event: 0.912 Thread 0x0000016583699370 DEOPT UNPACKING pc=0x00000165902d4242 sp=0x0000001bd6dfd828 mode 0
Event: 1.199 Thread 0x0000016583699370 DEOPT PACKING pc=0x0000016588ded58d sp=0x0000001bd6df9f00
Event: 1.199 Thread 0x0000016583699370 DEOPT UNPACKING pc=0x00000165902d4242 sp=0x0000001bd6df93b0 mode 0
Event: 1.206 Thread 0x0000016583699370 DEOPT PACKING pc=0x0000016588d8877f sp=0x0000001bd6dfd8e0
Event: 1.206 Thread 0x0000016583699370 DEOPT UNPACKING pc=0x00000165902d4242 sp=0x0000001bd6dfcd90 mode 0
Event: 1.207 Thread 0x0000016583699370 Uncommon trap: trap_request=0xffffff45 fr.pc=0x0000016590831b60 relative=0x00000000000000c0
Event: 1.207 Thread 0x0000016583699370 Uncommon trap: reason=unstable_if action=reinterpret pc=0x0000016590831b60 method=java.lang.String.isLatin1()Z @ 10 c2
Event: 1.207 Thread 0x0000016583699370 DEOPT PACKING pc=0x0000016590831b60 sp=0x0000001bd6dfefa0
Event: 1.207 Thread 0x0000016583699370 DEOPT UNPACKING pc=0x00000165902d3aa2 sp=0x0000001bd6dfeee0 mode 2
Event: 1.211 Thread 0x0000016583699370 DEOPT PACKING pc=0x0000016588d88858 sp=0x0000001bd6dfc9c0
Event: 1.211 Thread 0x0000016583699370 DEOPT UNPACKING pc=0x00000165902d4242 sp=0x0000001bd6dfbe80 mode 0

Classes loaded (20 events):
Event: 1.236 Loading class java/net/SocketPermission done
Event: 1.236 Loading class java/lang/reflect/ReflectPermission
Event: 1.236 Loading class java/lang/reflect/ReflectPermission done
Event: 1.236 Loading class sun/security/provider/SunEntries
Event: 1.236 Loading class sun/security/provider/SunEntries done
Event: 1.236 Loading class sun/security/provider/SunEntries$1
Event: 1.236 Loading class sun/security/provider/SunEntries$1 done
Event: 1.237 Loading class sun/security/provider/NativePRNG
Event: 1.237 Loading class sun/security/provider/NativePRNG done
Event: 1.237 Loading class sun/security/provider/NativePRNG$Blocking
Event: 1.237 Loading class sun/security/provider/NativePRNG$Blocking done
Event: 1.237 Loading class sun/security/provider/NativePRNG$NonBlocking
Event: 1.237 Loading class sun/security/provider/NativePRNG$NonBlocking done
Event: 1.237 Loading class java/security/Provider$Service
Event: 1.238 Loading class java/security/Provider$Service done
Event: 1.238 Loading class java/security/Provider$UString
Event: 1.238 Loading class java/security/Provider$UString done
Event: 1.238 Loading class sun/security/util/SecurityProviderConstants
Event: 1.238 Loading class sun/security/util/SecurityProviderConstants done
Event: 1.238 Loading class sun/security/util/KnownOIDs

Classes unloaded (0 events):
No events

Classes redefined (0 events):
No events

Internal exceptions (11 events):
Event: 0.232 Thread 0x0000016583699370 Exception <a 'java/lang/NoSuchMethodError'{0x00000000d57aa000}: 'void java.lang.invoke.DirectMethodHandle$Holder.invokeStatic(java.lang.Object, java.lang.Object, java.lang.Object)'> (0x00000000d57aa000) 
thrown [s\src\hotspot\share\interpreter\linkResolver.cpp, line 773]
Event: 0.891 Thread 0x0000016583699370 Exception <a 'java/lang/NoSuchMethodError'{0x00000000d5912550}: 'java.lang.Object java.lang.invoke.Invokers$Holder.invokeExact_MT(java.lang.Object, java.lang.Object, java.lang.Object, java.lang.Object, java.lang.Object)'> (0x00000000d5912550) 
thrown [s\src\hotspot\share\interpreter\linkResolver.cpp, line 773]
Event: 0.942 Thread 0x0000016583699370 Exception <a 'java/lang/NoSuchMethodError'{0x00000000d59c9f28}: 'int java.lang.invoke.DirectMethodHandle$Holder.invokeSpecial(java.lang.Object, java.lang.Object, java.lang.Object, int)'> (0x00000000d59c9f28) 
thrown [s\src\hotspot\share\interpreter\linkResolver.cpp, line 773]
Event: 0.945 Thread 0x0000016583699370 Exception <a 'java/lang/NoSuchMethodError'{0x00000000d59dc910}: 'java.lang.Object java.lang.invoke.DirectMethodHandle$Holder.invokeStatic(java.lang.Object, java.lang.Object, java.lang.Object, java.lang.Object, int)'> (0x00000000d59dc910) 
thrown [s\src\hotspot\share\interpreter\linkResolver.cpp, line 773]
Event: 0.946 Thread 0x0000016583699370 Exception <a 'java/lang/NoSuchMethodError'{0x00000000d59e7d50}: 'void java.lang.invoke.DelegatingMethodHandle$Holder.reinvoke_L(java.lang.Object, java.lang.Object, java.lang.Object, int, java.lang.Object)'> (0x00000000d59e7d50) 
thrown [s\src\hotspot\share\interpreter\linkResolver.cpp, line 773]
Event: 0.949 Thread 0x0000016583699370 Exception <a 'java/lang/NoSuchMethodError'{0x00000000d59f86a0}: 'int java.lang.invoke.DirectMethodHandle$Holder.invokeSpecial(java.lang.Object, java.lang.Object, java.lang.Object)'> (0x00000000d59f86a0) 
thrown [s\src\hotspot\share\interpreter\linkResolver.cpp, line 773]
Event: 0.951 Thread 0x0000016583699370 Exception <a 'java/lang/NoSuchMethodError'{0x00000000d5a04360}: 'java.lang.Object java.lang.invoke.DirectMethodHandle$Holder.invokeStatic(java.lang.Object, java.lang.Object, int)'> (0x00000000d5a04360) 
thrown [s\src\hotspot\share\interpreter\linkResolver.cpp, line 773]
Event: 0.951 Thread 0x0000016583699370 Exception <a 'java/lang/NoSuchMethodError'{0x00000000d5a08cb0}: 'void java.lang.invoke.DirectMethodHandle$Holder.invokeStatic(java.lang.Object, java.lang.Object, int, java.lang.Object)'> (0x00000000d5a08cb0) 
thrown [s\src\hotspot\share\interpreter\linkResolver.cpp, line 773]
Event: 0.952 Thread 0x0000016583699370 Exception <a 'java/lang/NoSuchMethodError'{0x00000000d5a0c840}: 'void java.lang.invoke.DirectMethodHandle$Holder.invokeSpecial(java.lang.Object, java.lang.Object, java.lang.Object, int, java.lang.Object)'> (0x00000000d5a0c840) 
thrown [s\src\hotspot\share\interpreter\linkResolver.cpp, line 773]
Event: 0.952 Thread 0x0000016583699370 Exception <a 'java/lang/NoSuchMethodError'{0x00000000d5a0fcb0}: 'void java.lang.invoke.DelegatingMethodHandle$Holder.delegate(java.lang.Object, java.lang.Object, int, java.lang.Object)'> (0x00000000d5a0fcb0) 
thrown [s\src\hotspot\share\interpreter\linkResolver.cpp, line 773]
Event: 1.105 Thread 0x0000016583699370 Exception <a 'java/lang/NoSuchMethodError'{0x00000000d5bcf0a0}: 'void java.lang.invoke.DelegatingMethodHandle$Holder.reinvoke_L(java.lang.Object, java.lang.Object, java.lang.Object, int)'> (0x00000000d5bcf0a0) 
thrown [s\src\hotspot\share\interpreter\linkResolver.cpp, line 773]

ZGC Phase Switch (0 events):
No events

VM Operations (4 events):
Event: 0.243 Executing VM operation: HandshakeAllThreads (Deoptimize)
Event: 0.243 Executing VM operation: HandshakeAllThreads (Deoptimize) done
Event: 0.917 Executing VM operation: HandshakeAllThreads (Deoptimize)
Event: 0.917 Executing VM operation: HandshakeAllThreads (Deoptimize) done

Memory protections (0 events):
No events

Nmethod flushes (0 events):
No events

Events (12 events):
Event: 0.116 Thread 0x0000016583699370 Thread added: 0x0000016583699370
Event: 0.151 Thread 0x0000016583699370 Thread added: 0x0000016585a8d380
Event: 0.152 Thread 0x0000016583699370 Thread added: 0x0000016585a909f0
Event: 0.153 Thread 0x0000016583699370 Thread added: 0x0000016585a93110
Event: 0.153 Thread 0x0000016583699370 Thread added: 0x0000016585a93d60
Event: 0.153 Thread 0x0000016583699370 Thread added: 0x0000016585a96bc0
Event: 0.153 Thread 0x0000016583699370 Thread added: 0x0000016585a97610
Event: 0.153 Thread 0x0000016583699370 Thread added: 0x0000016585a9a450
Event: 0.159 Thread 0x0000016583699370 Thread added: 0x0000016585afe160
Event: 0.217 Thread 0x0000016583699370 Thread added: 0x00000165de7f9f40
Event: 1.204 Thread 0x0000016583699370 Thread added: 0x00000165dea60780
Event: 1.207 Thread 0x0000016585afe160 Thread added: 0x00000165de90f720


Dynamic libraries:
0x00007ff6392a0000 - 0x00007ff6392ae000 	c:\Users\flori\.vscode\extensions\redhat.java-1.47.0-win32-x64\jre\21.0.8-win32-x86_64\bin\java.exe
0x00007ffd20100000 - 0x00007ffd20368000 	C:\WINDOWS\SYSTEM32\ntdll.dll
0x00007ffd1eeb0000 - 0x00007ffd1ef79000 	C:\WINDOWS\System32\KERNEL32.DLL
0x00007ffd1d450000 - 0x00007ffd1d842000 	C:\WINDOWS\System32\KERNELBASE.dll
0x00007ffd1da90000 - 0x00007ffd1dbdb000 	C:\WINDOWS\System32\ucrtbase.dll
0x00007ffcf4c70000 - 0x00007ffcf4c88000 	c:\Users\flori\.vscode\extensions\redhat.java-1.47.0-win32-x64\jre\21.0.8-win32-x86_64\bin\jli.dll
0x00007ffd1ef80000 - 0x00007ffd1f145000 	C:\WINDOWS\System32\USER32.dll
0x00007ffd1dc80000 - 0x00007ffd1dca7000 	C:\WINDOWS\System32\win32u.dll
0x00007ffd0c410000 - 0x00007ffd0c6a3000 	C:\WINDOWS\WinSxS\amd64_microsoft.windows.common-controls_6595b64144ccf1df_6.0.26100.6899_none_3e0efeeae32e88c1\COMCTL32.dll
0x00007ffd1fa90000 - 0x00007ffd1fabb000 	C:\WINDOWS\System32\GDI32.dll
0x00007ffd1fbe0000 - 0x00007ffd1fc89000 	C:\WINDOWS\System32\msvcrt.dll
0x00007ffd1d320000 - 0x00007ffd1d44d000 	C:\WINDOWS\System32\gdi32full.dll
0x00007ffd1de20000 - 0x00007ffd1dec3000 	C:\WINDOWS\System32\msvcp_win.dll
0x00007ffcf4c50000 - 0x00007ffcf4c6e000 	c:\Users\flori\.vscode\extensions\redhat.java-1.47.0-win32-x64\jre\21.0.8-win32-x86_64\bin\VCRUNTIME140.dll
0x00007ffd1dfd0000 - 0x00007ffd1dfff000 	C:\WINDOWS\System32\IMM32.DLL
0x00007ffd03950000 - 0x00007ffd0395c000 	c:\Users\flori\.vscode\extensions\redhat.java-1.47.0-win32-x64\jre\21.0.8-win32-x86_64\bin\vcruntime140_1.dll
0x00007ffcd9400000 - 0x00007ffcd948d000 	c:\Users\flori\.vscode\extensions\redhat.java-1.47.0-win32-x64\jre\21.0.8-win32-x86_64\bin\msvcp140.dll
0x00007ffc94760000 - 0x00007ffc954f7000 	c:\Users\flori\.vscode\extensions\redhat.java-1.47.0-win32-x64\jre\21.0.8-win32-x86_64\bin\server\jvm.dll
0x00007ffd1ea20000 - 0x00007ffd1ead4000 	C:\WINDOWS\System32\ADVAPI32.dll
0x00007ffd1e210000 - 0x00007ffd1e2b6000 	C:\WINDOWS\System32\sechost.dll
0x00007ffd1fac0000 - 0x00007ffd1fbd8000 	C:\WINDOWS\System32\RPCRT4.dll
0x00007ffd1fc90000 - 0x00007ffd1fd04000 	C:\WINDOWS\System32\WS2_32.dll
0x00007ffd1d040000 - 0x00007ffd1d09e000 	C:\WINDOWS\SYSTEM32\POWRPROF.dll
0x00007ffd162e0000 - 0x00007ffd16315000 	C:\WINDOWS\SYSTEM32\WINMM.dll
0x00007ffd16320000 - 0x00007ffd1632b000 	C:\WINDOWS\SYSTEM32\VERSION.dll
0x00007ffd1d020000 - 0x00007ffd1d034000 	C:\WINDOWS\SYSTEM32\UMPDC.dll
0x00007ffd1c060000 - 0x00007ffd1c07b000 	C:\WINDOWS\SYSTEM32\kernel.appcore.dll
0x00007ffcfa7d0000 - 0x00007ffcfa7da000 	c:\Users\flori\.vscode\extensions\redhat.java-1.47.0-win32-x64\jre\21.0.8-win32-x86_64\bin\jimage.dll
0x00007ffd1a1c0000 - 0x00007ffd1a402000 	C:\WINDOWS\SYSTEM32\DBGHELP.DLL
0x00007ffd1eb30000 - 0x00007ffd1eeab000 	C:\WINDOWS\System32\combase.dll
0x00007ffd1f250000 - 0x00007ffd1f327000 	C:\WINDOWS\System32\OLEAUT32.dll
0x00007ffd007f0000 - 0x00007ffd0082c000 	C:\WINDOWS\SYSTEM32\dbgcore.DLL
0x00007ffd1dbe0000 - 0x00007ffd1dc78000 	C:\WINDOWS\System32\bcryptPrimitives.dll
0x00007ffce6740000 - 0x00007ffce674f000 	c:\Users\flori\.vscode\extensions\redhat.java-1.47.0-win32-x64\jre\21.0.8-win32-x86_64\bin\instrument.dll
0x00007ffcdf5a0000 - 0x00007ffcdf5bf000 	c:\Users\flori\.vscode\extensions\redhat.java-1.47.0-win32-x64\jre\21.0.8-win32-x86_64\bin\java.dll
0x00007ffd1e2c0000 - 0x00007ffd1ea0d000 	C:\WINDOWS\System32\SHELL32.dll
0x00007ffd1dcb0000 - 0x00007ffd1de1b000 	C:\WINDOWS\System32\wintypes.dll
0x00007ffd1aee0000 - 0x00007ffd1b73d000 	C:\WINDOWS\SYSTEM32\windows.storage.dll
0x00007ffd1ffa0000 - 0x00007ffd20092000 	C:\WINDOWS\System32\SHCORE.dll
0x00007ffd1ded0000 - 0x00007ffd1df32000 	C:\WINDOWS\System32\shlwapi.dll
0x00007ffd1d1b0000 - 0x00007ffd1d1d9000 	C:\WINDOWS\SYSTEM32\profapi.dll
0x00007ffcd9910000 - 0x00007ffcd9928000 	c:\Users\flori\.vscode\extensions\redhat.java-1.47.0-win32-x64\jre\21.0.8-win32-x86_64\bin\zip.dll
0x00007ffce5750000 - 0x00007ffce5760000 	C:\Users\flori\.vscode\extensions\redhat.java-1.47.0-win32-x64\jre\21.0.8-win32-x86_64\bin\net.dll
0x00007ffd13f70000 - 0x00007ffd1408f000 	C:\WINDOWS\SYSTEM32\WINHTTP.dll
0x00007ffd1c5d0000 - 0x00007ffd1c63b000 	C:\WINDOWS\system32\mswsock.dll
0x00007ffcd98f0000 - 0x00007ffcd9906000 	C:\Users\flori\.vscode\extensions\redhat.java-1.47.0-win32-x64\jre\21.0.8-win32-x86_64\bin\nio.dll
0x00007ffce4440000 - 0x00007ffce4450000 	c:\Users\flori\.vscode\extensions\redhat.java-1.47.0-win32-x64\jre\21.0.8-win32-x86_64\bin\verify.dll

JVMTI agents:
c:\Users\flori\.vscode\extensions\redhat.java-1.47.0-win32-x64\lombok\lombok-1.18.39-4050.jar path:c:\Users\flori\.vscode\extensions\redhat.java-1.47.0-win32-x64\jre\21.0.8-win32-x86_64\bin\instrument.dll, loaded, initialized, instrumentlib options:none

dbghelp: loaded successfully - version: 4.0.5 - missing functions: none
symbol engine: initialized successfully - sym options: 0x614 - pdb path: .;c:\Users\flori\.vscode\extensions\redhat.java-1.47.0-win32-x64\jre\21.0.8-win32-x86_64\bin;C:\WINDOWS\SYSTEM32;C:\WINDOWS\WinSxS\amd64_microsoft.windows.common-controls_6595b64144ccf1df_6.0.26100.6899_none_3e0efeeae32e88c1;c:\Users\flori\.vscode\extensions\redhat.java-1.47.0-win32-x64\jre\21.0.8-win32-x86_64\bin\server

VM Arguments:
jvm_args: --add-modules=ALL-SYSTEM --add-opens=java.base/java.util=ALL-UNNAMED --add-opens=java.base/java.lang=ALL-UNNAMED --add-opens=java.base/sun.nio.fs=ALL-UNNAMED -Declipse.application=org.eclipse.jdt.ls.core.id1 -Dosgi.bundles.defaultStartLevel=4 -Declipse.product=org.eclipse.jdt.ls.core.product -Djava.import.generatesMetadataFilesAtProjectRoot=false -DDetectVMInstallationsJob.disabled=true -Dfile.encoding=utf8 -XX:+UseParallelGC -XX:GCTimeRatio=4 -XX:AdaptiveSizePolicyWeight=90 -Dsun.zip.disableMemoryMapping=true -Xmx2G -Xms100m -Xlog:disable -javaagent:c:\Users\flori\.vscode\extensions\redhat.java-1.47.0-win32-x64\lombok\lombok-1.18.39-4050.jar 
java_command: c:\Users\flori\.vscode\extensions\redhat.java-1.47.0-win32-x64\server\plugins\org.eclipse.equinox.launcher_1.7.100.v20251014-1222.jar -configuration c:\Users\flori\AppData\Roaming\Code\User\globalStorage\redhat.java\1.47.0\config_ss_win -data c:\Users\flori\AppData\Roaming\Code\User\workspaceStorage\922dd2b1b8cc3bc3e6c8fdcfeb8b0709\redhat.java\ss_ws --pipe=\\.\pipe\lsp-141c4dd8febd21f65bea649de6be7d76-sock
java_class_path (initial): c:\Users\flori\.vscode\extensions\redhat.java-1.47.0-win32-x64\server\plugins\org.eclipse.equinox.launcher_1.7.100.v20251014-1222.jar
Launcher Type: SUN_STANDARD

[Global flags]
    uintx AdaptiveSizePolicyWeight                 = 90                                        {product} {command line}
     intx CICompilerCount                          = 3                                         {product} {ergonomic}
    uintx GCTimeRatio                              = 4                                         {product} {command line}
   size_t InitialHeapSize                          = 104857600                                 {product} {command line}
   size_t MaxHeapSize                              = 2147483648                                {product} {command line}
   size_t MaxNewSize                               = 715653120                                 {product} {ergonomic}
   size_t MinHeapDeltaBytes                        = 524288                                    {product} {ergonomic}
   size_t MinHeapSize                              = 104857600                                 {product} {command line}
   size_t NewSize                                  = 34603008                                  {product} {ergonomic}
    uintx NonNMethodCodeHeapSize                   = 5832780                                {pd product} {ergonomic}
    uintx NonProfiledCodeHeapSize                  = 122912730                              {pd product} {ergonomic}
   size_t OldSize                                  = 70254592                                  {product} {ergonomic}
    uintx ProfiledCodeHeapSize                     = 122912730                              {pd product} {ergonomic}
    uintx ReservedCodeCacheSize                    = 251658240                              {pd product} {ergonomic}
     bool SegmentedCodeCache                       = true                                      {product} {ergonomic}
   size_t SoftMaxHeapSize                          = 2147483648                             {manageable} {ergonomic}
     bool UseCompressedOops                        = true                           {product lp64_product} {ergonomic}
     bool UseLargePagesIndividualAllocation        = false                                  {pd product} {ergonomic}
     bool UseParallelGC                            = true                                      {product} {command line}

Logging:
Log output configuration:
 #0: stdout all=off uptime,level,tags foldmultilines=false
 #1: stderr all=off uptime,level,tags foldmultilines=false

Environment Variables:
JAVA_HOME=C:\Program Files\OpenJDK\jdk-21
PATH=C:\Python314\Scripts\;C:\Python314\;C:\Program Files\OpenJDK\jdk-21\bin;C:\Program Files (x86)\Common Files\Oracle\Java\java8path;C:\Program Files (x86)\Common Files\Oracle\Java\javapath;C:\WINDOWS\system32;C:\WINDOWS;C:\WINDOWS\System32\Wbem;C:\WINDOWS\System32\WindowsPowerShell\v1.0\;C:\WINDOWS\System32\OpenSSH\;C:\ProgramData\chocolatey\bin;C:\Program Files\dotnet\;C:\Program Files\Docker\Docker\resources\bin;C:\Program Files\Git\cmd;C:\Users\flori\OneDrive\Dokumente\apache-maven-3.9.9-bin\apache-maven-3.9.9\bin;C:\Program Files\OpenJDK\jdk-21\bin;C:\Program Files (x86)\BaseX\bin;C:\Program Files\nodejs\;C:\Users\flori\.deno\bin;C:\Users\flori\AppData\Local\Microsoft\WindowsApps;C:\Users\flori\AppData\Local\Programs\Microsoft VS Code\bin;C:\Users\flori\AppData\Roaming\npm;C:\Program Files\nodejs;C:\Users\flori\.deno\bin
USERNAME=flori
OS=Windows_NT
PROCESSOR_IDENTIFIER=AMD64 Family 23 Model 96 Stepping 1, AuthenticAMD
TMP=C:\Users\flori\AppData\Local\Temp
TEMP=C:\Users\flori\AppData\Local\Temp




Periodic native trim disabled

---------------  S Y S T E M  ---------------

OS:
 Windows 11 , 64 bit Build 26100 (10.0.26100.6725)
OS uptime: 0 days 6:46 hours
Hyper-V role detected

CPU: total 6 (initial active 6) (6 cores per cpu, 1 threads per core) family 23 model 96 stepping 1 microcode 0x8600104, cx8, cmov, fxsr, mmx, 3dnowpref, sse, sse2, sse3, ssse3, sse4a, sse4.1, sse4.2, popcnt, lzcnt, tsc, tscinvbit, avx, avx2, aes, clmul, bmi1, bmi2, adx, sha, fma, vzeroupper, clflush, clflushopt, hv, rdtscp, rdpid, f16c
Processor Information for the first 6 processors :
  Max Mhz: 2375, Current Mhz: 2375, Mhz Limit: 2375

Memory: 4k page, system-wide physical 7533M (641M free)
TotalPageFile size 15725M (AvailPageFile size 212M)
current process WorkingSet (physical memory assigned to process): 52M, peak: 52M
current process commit charge ("private bytes"): 220M, peak: 221M

vm_info: OpenJDK 64-Bit Server VM (21.0.8+9-LTS) for windows-amd64 JRE (21.0.8+9-LTS), built on 2025-07-15T00:00:00Z by "admin" with MS VC++ 17.7 (VS2022)

END.
