#
# There is insufficient memory for the Java Runtime Environment to continue.
# Native memory allocation (malloc) failed to allocate 1080016 bytes. Error detail: Chunk::new
# Possible reasons:
#   The system is out of physical RAM or swap space
#   This process is running with CompressedOops enabled, and the Java Heap may be blocking the growth of the native heap
# Possible solutions:
#   Reduce memory load on the system
#   Increase physical memory or swap space
#   Check if swap backing store is full
#   Decrease Java heap size (-Xmx/-Xms)
#   Decrease number of Java threads
#   Decrease Java thread stack sizes (-Xss)
#   Set larger code cache with -XX:ReservedCodeCacheSize=
#   JVM is running with Unscaled Compressed Oops mode in which the Java heap is
#     placed in the first 4GB address space. The Java Heap base address is the
#     maximum limit for the native heap growth. Please use -XX:HeapBaseMinAddress
#     to set the Java Heap base and to place the Java Heap above 4GB virtual address.
# This output file may be truncated or incomplete.
#
#  Out of Memory Error (arena.cpp:168), pid=23128, tid=22172
#
# JRE version: OpenJDK Runtime Environment Temurin-21.0.8+9 (21.0.8+9) (build 21.0.8+9-LTS)
# Java VM: OpenJDK 64-Bit Server VM Temurin-21.0.8+9 (21.0.8+9-LTS, mixed mode, sharing, tiered, compressed oops, compressed class ptrs, parallel gc, windows-amd64)
# No core dump will be written. Minidumps are not enabled by default on client versions of Windows
#

---------------  S U M M A R Y ------------

Command Line: --add-modules=ALL-SYSTEM --add-opens=java.base/java.util=ALL-UNNAMED --add-opens=java.base/java.lang=ALL-UNNAMED --add-opens=java.base/sun.nio.fs=ALL-UNNAMED -Declipse.application=org.eclipse.jdt.ls.core.id1 -Dosgi.bundles.defaultStartLevel=4 -Declipse.product=org.eclipse.jdt.ls.core.product -Djava.import.generatesMetadataFilesAtProjectRoot=false -DDetectVMInstallationsJob.disabled=true -Dfile.encoding=utf8 -XX:+UseParallelGC -XX:GCTimeRatio=4 -XX:AdaptiveSizePolicyWeight=90 -Dsun.zip.disableMemoryMapping=true -Xmx2G -Xms100m -Xlog:disable -javaagent:c:\Users\flori\.vscode\extensions\redhat.java-1.47.0-win32-x64\lombok\lombok-1.18.39-4050.jar -XX:+HeapDumpOnOutOfMemoryError -XX:HeapDumpPath=c:\Users\flori\AppData\Roaming\Code\User\workspaceStorage\922dd2b1b8cc3bc3e6c8fdcfeb8b0709\redhat.java -Daether.dependencyCollector.impl=bf c:\Users\flori\.vscode\extensions\redhat.java-1.47.0-win32-x64\server\plugins\org.eclipse.equinox.launcher_1.7.100.v20251014-1222.jar -configuration c:\Users\flori\AppData\Roaming\Code\User\globalStorage\redhat.java\1.47.0\config_win -data c:\Users\flori\AppData\Roaming\Code\User\workspaceStorage\922dd2b1b8cc3bc3e6c8fdcfeb8b0709\redhat.java\jdt_ws --pipe=\\.\pipe\lsp-c6baf6f4c1bf856231ace47aa9958a23-sock

Host: AMD Ryzen 5 4500U with Radeon Graphics         , 6 cores, 7G,  Windows 11 , 64 bit Build 26100 (10.0.26100.6725)
Time: Sat Nov  8 20:47:09 2025 Mitteleuropäische Zeit elapsed time: 10.876579 seconds (0d 0h 0m 10s)

---------------  T H R E A D  ---------------

Current thread (0x000001ccf0f16900):  JavaThread "C2 CompilerThread0" daemon [_thread_in_native, id=22172, stack(0x000000c0af200000,0x000000c0af300000) (1024K)]


Current CompileTask:
C2:10876 6410   !   4       org.eclipse.osgi.internal.loader.BundleLoader::findRequiredSource (283 bytes)

Stack: [0x000000c0af200000,0x000000c0af300000]
Native frames: (J=compiled Java code, j=interpreted, Vv=VM code, C=native code)
V  [jvm.dll+0x6d2449]
V  [jvm.dll+0x8ae341]
V  [jvm.dll+0x8b08be]
V  [jvm.dll+0x8b0fa3]
V  [jvm.dll+0x280c96]
V  [jvm.dll+0xc581d]
V  [jvm.dll+0xc5d53]
V  [jvm.dll+0x2f539d]
V  [jvm.dll+0x5fa00a]
V  [jvm.dll+0x252092]
V  [jvm.dll+0x25244f]
V  [jvm.dll+0x24ad14]
V  [jvm.dll+0x2483a4]
V  [jvm.dll+0x1c89ee]
V  [jvm.dll+0x257d4d]
V  [jvm.dll+0x2562ea]
V  [jvm.dll+0x3f2d16]
V  [jvm.dll+0x857e6b]
V  [jvm.dll+0x6d0b0d]
C  [ucrtbase.dll+0x37b0]
C  [KERNEL32.DLL+0x2e8d7]
C  [ntdll.dll+0x8c53c]


---------------  P R O C E S S  ---------------

Threads class SMR info:
_java_thread_list=0x000001ccd2acf6c0, length=44, elements={
0x000001cceeb1afe0, 0x000001ccf0efc850, 0x000001ccf0efe680, 0x000001ccf0f06240,
0x000001ccf0f07240, 0x000001ccf0f0c280, 0x000001ccf0f0ece0, 0x000001ccf0f16900,
0x000001ccf0f39230, 0x000001ccf9c6f6c0, 0x000001ccf9ebdf70, 0x000001ccfe5a59c0,
0x000001ccfe9cb160, 0x000001ccfe49fe80, 0x000001ccfe4b5f40, 0x000001ccfee3b690,
0x000001ccfebf0f80, 0x000001ccfeee3a00, 0x000001ccfeee4720, 0x000001ccfeee3370,
0x000001ccfeee4db0, 0x000001ccfeee5440, 0x000001ccfeee1fc0, 0x000001ccfeee2650,
0x000001ccfeee2ce0, 0x000001ccfe7bfc40, 0x000001ccfe7bf5b0, 0x000001ccfe7be200,
0x000001ccfe7be890, 0x000001ccfe7c02d0, 0x000001ccfe7c0960, 0x000001ccfe7bdb70,
0x000001ccfe7bd4e0, 0x000001ccfe7c30c0, 0x000001ccfe7c4470, 0x000001ccfe7c0ff0,
0x000001ccfe7c3750, 0x000001ccfe7c4b00, 0x000001ccfe7c1d10, 0x000001ccfe7c3de0,
0x000001ccfe7c23a0, 0x000001ccfe7c1680, 0x000001ccd0c07bb0, 0x000001ccd121fb50
}

Java Threads: ( => current thread )
  0x000001cceeb1afe0 JavaThread "main"                              [_thread_blocked, id=24008, stack(0x000000c0ae800000,0x000000c0ae900000) (1024K)]
  0x000001ccf0efc850 JavaThread "Reference Handler"          daemon [_thread_blocked, id=14424, stack(0x000000c0aec00000,0x000000c0aed00000) (1024K)]
  0x000001ccf0efe680 JavaThread "Finalizer"                  daemon [_thread_blocked, id=10988, stack(0x000000c0aed00000,0x000000c0aee00000) (1024K)]
  0x000001ccf0f06240 JavaThread "Signal Dispatcher"          daemon [_thread_blocked, id=24948, stack(0x000000c0aee00000,0x000000c0aef00000) (1024K)]
  0x000001ccf0f07240 JavaThread "Attach Listener"            daemon [_thread_blocked, id=3064, stack(0x000000c0aef00000,0x000000c0af000000) (1024K)]
  0x000001ccf0f0c280 JavaThread "Service Thread"             daemon [_thread_blocked, id=2748, stack(0x000000c0af000000,0x000000c0af100000) (1024K)]
  0x000001ccf0f0ece0 JavaThread "Monitor Deflation Thread"   daemon [_thread_blocked, id=18620, stack(0x000000c0af100000,0x000000c0af200000) (1024K)]
=>0x000001ccf0f16900 JavaThread "C2 CompilerThread0"         daemon [_thread_in_native, id=22172, stack(0x000000c0af200000,0x000000c0af300000) (1024K)]
  0x000001ccf0f39230 JavaThread "C1 CompilerThread0"         daemon [_thread_blocked, id=18536, stack(0x000000c0af300000,0x000000c0af400000) (1024K)]
  0x000001ccf9c6f6c0 JavaThread "Common-Cleaner"             daemon [_thread_blocked, id=23428, stack(0x000000c0af400000,0x000000c0af500000) (1024K)]
  0x000001ccf9ebdf70 JavaThread "Notification Thread"        daemon [_thread_blocked, id=16264, stack(0x000000c0af500000,0x000000c0af600000) (1024K)]
  0x000001ccfe5a59c0 JavaThread "Active Thread: Equinox Container: bd508541-1fe0-4948-bdad-7dfe3620e23c"        [_thread_blocked, id=9356, stack(0x000000c0afc00000,0x000000c0afd00000) (1024K)]
  0x000001ccfe9cb160 JavaThread "Refresh Thread: Equinox Container: bd508541-1fe0-4948-bdad-7dfe3620e23c" daemon [_thread_blocked, id=15204, stack(0x000000c0af600000,0x000000c0af700000) (1024K)]
  0x000001ccfe49fe80 JavaThread "Framework Event Dispatcher: Equinox Container: bd508541-1fe0-4948-bdad-7dfe3620e23c" daemon [_thread_blocked, id=22704, stack(0x000000c0afd00000,0x000000c0afe00000) (1024K)]
  0x000001ccfe4b5f40 JavaThread "Start Level: Equinox Container: bd508541-1fe0-4948-bdad-7dfe3620e23c" daemon [_thread_blocked, id=9308, stack(0x000000c0afe00000,0x000000c0aff00000) (1024K)]
  0x000001ccfee3b690 JavaThread "Bundle File Closer"         daemon [_thread_blocked, id=17976, stack(0x000000c0b0000000,0x000000c0b0100000) (1024K)]
  0x000001ccfebf0f80 JavaThread "SCR Component Actor"        daemon [_thread_blocked, id=6560, stack(0x000000c0b0100000,0x000000c0b0200000) (1024K)]
  0x000001ccfeee3a00 JavaThread "Worker-JM"                         [_thread_blocked, id=20792, stack(0x000000c0b0200000,0x000000c0b0300000) (1024K)]
  0x000001ccfeee4720 JavaThread "JNA Cleaner"                daemon [_thread_blocked, id=27572, stack(0x000000c0b0300000,0x000000c0b0400000) (1024K)]
  0x000001ccfeee3370 JavaThread "Worker-0"                          [_thread_blocked, id=24480, stack(0x000000c0b0400000,0x000000c0b0500000) (1024K)]
  0x000001ccfeee4db0 JavaThread "Worker-1"                          [_thread_blocked, id=9740, stack(0x000000c0b0500000,0x000000c0b0600000) (1024K)]
  0x000001ccfeee5440 JavaThread "Worker-2"                          [_thread_blocked, id=27368, stack(0x000000c0b0600000,0x000000c0b0700000) (1024K)]
  0x000001ccfeee1fc0 JavaThread "Java indexing"              daemon [_thread_blocked, id=20196, stack(0x000000c0b0700000,0x000000c0b0800000) (1024K)]
  0x000001ccfeee2650 JavaThread "Worker-3: Building"                [_thread_in_native, id=13796, stack(0x000000c0b0800000,0x000000c0b0900000) (1024K)]
  0x000001ccfeee2ce0 JavaThread "Worker-4"                          [_thread_blocked, id=1432, stack(0x000000c0b0900000,0x000000c0b0a00000) (1024K)]
  0x000001ccfe7bfc40 JavaThread "Worker-5"                          [_thread_blocked, id=27260, stack(0x000000c0b0c00000,0x000000c0b0d00000) (1024K)]
  0x000001ccfe7bf5b0 JavaThread "Thread-1"                   daemon [_thread_in_native, id=11832, stack(0x000000c0b0d00000,0x000000c0b0e00000) (1024K)]
  0x000001ccfe7be200 JavaThread "Thread-2"                   daemon [_thread_in_native, id=20528, stack(0x000000c0b0e00000,0x000000c0b0f00000) (1024K)]
  0x000001ccfe7be890 JavaThread "Thread-3"                   daemon [_thread_in_native, id=21688, stack(0x000000c0b0f00000,0x000000c0b1000000) (1024K)]
  0x000001ccfe7c02d0 JavaThread "Thread-4"                   daemon [_thread_in_native, id=13780, stack(0x000000c0b1000000,0x000000c0b1100000) (1024K)]
  0x000001ccfe7c0960 JavaThread "Thread-5"                   daemon [_thread_in_native, id=12308, stack(0x000000c0b1100000,0x000000c0b1200000) (1024K)]
  0x000001ccfe7bdb70 JavaThread "Thread-6"                   daemon [_thread_in_native, id=25680, stack(0x000000c0b1200000,0x000000c0b1300000) (1024K)]
  0x000001ccfe7bd4e0 JavaThread "Thread-7"                   daemon [_thread_in_native, id=20648, stack(0x000000c0b1300000,0x000000c0b1400000) (1024K)]
  0x000001ccfe7c30c0 JavaThread "pool-2-thread-1"                   [_thread_blocked, id=14944, stack(0x000000c0b1400000,0x000000c0b1500000) (1024K)]
  0x000001ccfe7c4470 JavaThread "ForkJoinPool.commonPool-worker-1" daemon [_thread_blocked, id=25108, stack(0x000000c0b1500000,0x000000c0b1600000) (1024K)]
  0x000001ccfe7c0ff0 JavaThread "ForkJoinPool.commonPool-worker-2" daemon [_thread_blocked, id=468, stack(0x000000c0b1600000,0x000000c0b1700000) (1024K)]
  0x000001ccfe7c3750 JavaThread "ForkJoinPool.commonPool-worker-3" daemon [_thread_blocked, id=26836, stack(0x000000c0b1700000,0x000000c0b1800000) (1024K)]
  0x000001ccfe7c4b00 JavaThread "ForkJoinPool.commonPool-worker-4" daemon [_thread_blocked, id=9188, stack(0x000000c0b1800000,0x000000c0b1900000) (1024K)]
  0x000001ccfe7c1d10 JavaThread "ForkJoinPool.commonPool-worker-5" daemon [_thread_blocked, id=26080, stack(0x000000c0b1900000,0x000000c0b1a00000) (1024K)]
  0x000001ccfe7c3de0 JavaThread "WorkspaceEventsHandler"            [_thread_blocked, id=10236, stack(0x000000c0b1a00000,0x000000c0b1b00000) (1024K)]
  0x000001ccfe7c23a0 JavaThread "pool-1-thread-1"                   [_thread_blocked, id=24188, stack(0x000000c0b1b00000,0x000000c0b1c00000) (1024K)]
  0x000001ccfe7c1680 JavaThread "Compiler Source File Reader" daemon [_thread_blocked, id=27468, stack(0x000000c0b1c00000,0x000000c0b1d00000) (1024K)]
  0x000001ccd0c07bb0 JavaThread "Compiler Processing Task"   daemon [_thread_blocked, id=21912, stack(0x000000c0aff00000,0x000000c0b0000000) (1024K)]
  0x000001ccd121fb50 JavaThread "C2 CompilerThread1"         daemon [_thread_in_native, id=16216, stack(0x000000c0b1d00000,0x000000c0b1e00000) (1024K)]
Total: 44

Other Threads:
  0x000001ccf108e960 VMThread "VM Thread"                           [id=15436, stack(0x000000c0aeb00000,0x000000c0aec00000) (1024K)]
  0x000001ccf0e5ca00 WatcherThread "VM Periodic Task Thread"        [id=19464, stack(0x000000c0aea00000,0x000000c0aeb00000) (1024K)]
  0x000001ccf0fec130 WorkerThread "GC Thread#0"                     [id=16540, stack(0x000000c0ae900000,0x000000c0aea00000) (1024K)]
  0x000001ccf9ef6990 WorkerThread "GC Thread#1"                     [id=20992, stack(0x000000c0af700000,0x000000c0af800000) (1024K)]
  0x000001ccf9efae00 WorkerThread "GC Thread#2"                     [id=3820, stack(0x000000c0af800000,0x000000c0af900000) (1024K)]
  0x000001ccf9efb1a0 WorkerThread "GC Thread#3"                     [id=4356, stack(0x000000c0af900000,0x000000c0afa00000) (1024K)]
  0x000001ccf9efb540 WorkerThread "GC Thread#4"                     [id=25176, stack(0x000000c0afa00000,0x000000c0afb00000) (1024K)]
  0x000001ccf9efb8e0 WorkerThread "GC Thread#5"                     [id=4404, stack(0x000000c0afb00000,0x000000c0afc00000) (1024K)]
Total: 8

Threads with active compile tasks:
C2 CompilerThread0  10911 6410   !   4       org.eclipse.osgi.internal.loader.BundleLoader::findRequiredSource (283 bytes)
C2 CompilerThread1  10911 6411       4       org.eclipse.osgi.internal.loader.BundleLoader::addExportedProvidersFor (167 bytes)
Total: 2

VM state: not at safepoint (normal execution)

VM Mutex/Monitor currently owned by a thread: None

Heap address: 0x0000000080000000, size: 2048 MB, Compressed Oops mode: 32-bit

CDS archive(s) mapped at: [0x000001cc8f000000-0x000001cc8fba0000-0x000001cc8fba0000), size 12189696, SharedBaseAddress: 0x000001cc8f000000, ArchiveRelocationMode: 1.
Compressed class space mapped at: 0x000001cc90000000-0x000001ccd0000000, reserved size: 1073741824
Narrow klass base: 0x000001cc8f000000, Narrow klass shift: 0, Narrow klass range: 0x100000000

GC Precious Log:
 CardTable entry size: 512
 CPUs: 6 total, 6 available
 Memory: 7533M
 Large Page Support: Disabled
 NUMA Support: Disabled
 Compressed Oops: Enabled (32-bit)
 Alignments: Space 512K, Generation 512K, Heap 2M
 Heap Min Capacity: 100M
 Heap Initial Capacity: 100M
 Heap Max Capacity: 2G
 Pre-touch: Disabled
 Parallel Workers: 6

Heap:
 PSYoungGen      total 24064K, used 13042K [0x00000000d5580000, 0x00000000d7000000, 0x0000000100000000)
  eden space 22016K, 52% used [0x00000000d5580000,0x00000000d60c8fd8,0x00000000d6b00000)
  from space 2048K, 72% used [0x00000000d6c00000,0x00000000d6d73a48,0x00000000d6e00000)
  to   space 2048K, 0% used [0x00000000d6e00000,0x00000000d6e00000,0x00000000d7000000)
 ParOldGen       total 68608K, used 30540K [0x0000000080000000, 0x0000000084300000, 0x00000000d5580000)
  object space 68608K, 44% used [0x0000000080000000,0x0000000081dd3338,0x0000000084300000)
 Metaspace       used 52640K, committed 53952K, reserved 1114112K
  class space    used 5782K, committed 6336K, reserved 1048576K

Card table byte_map: [0x000001ccf0970000,0x000001ccf0d80000] _byte_map_base: 0x000001ccf0570000

Marking Bits: (ParMarkBitMap*) 0x00007ffc9541a340
 Begin Bits: [0x000001ccf4470000, 0x000001ccf6470000)
 End Bits:   [0x000001ccf6470000, 0x000001ccf8470000)

Polling page: 0x000001cceed20000

Metaspace:

Usage:
  Non-class:     45.76 MB used.
      Class:      5.65 MB used.
       Both:     51.41 MB used.

Virtual space:
  Non-class space:       64.00 MB reserved,      46.50 MB ( 73%) committed,  1 nodes.
      Class space:        1.00 GB reserved,       6.19 MB ( <1%) committed,  1 nodes.
             Both:        1.06 GB reserved,      52.69 MB (  5%) committed. 

Chunk freelists:
   Non-Class:  1.02 MB
       Class:  9.70 MB
        Both:  10.72 MB

MaxMetaspaceSize: unlimited
CompressedClassSpaceSize: 1.00 GB
Initial GC threshold: 21.00 MB
Current GC threshold: 58.38 MB
CDS: on
 - commit_granule_bytes: 65536.
 - commit_granule_words: 8192.
 - virtual_space_node_default_size: 8388608.
 - enlarge_chunks_in_place: 1.
 - use_allocation_guard: 0.


Internal statistics:

num_allocs_failed_limit: 8.
num_arena_births: 1018.
num_arena_deaths: 14.
num_vsnodes_births: 2.
num_vsnodes_deaths: 0.
num_space_committed: 843.
num_space_uncommitted: 0.
num_chunks_returned_to_freelist: 22.
num_chunks_taken_from_freelist: 3543.
num_chunk_merges: 13.
num_chunk_splits: 2123.
num_chunks_enlarged: 1109.
num_inconsistent_stats: 0.

CodeHeap 'non-profiled nmethods': size=120000Kb used=2978Kb max_used=2978Kb free=117021Kb
 bounds [0x000001cc87ad0000, 0x000001cc87dc0000, 0x000001cc8f000000]
CodeHeap 'profiled nmethods': size=120000Kb used=12288Kb max_used=12288Kb free=107711Kb
 bounds [0x000001cc80000000, 0x000001cc80c10000, 0x000001cc87530000]
CodeHeap 'non-nmethods': size=5760Kb used=1396Kb max_used=1463Kb free=4363Kb
 bounds [0x000001cc87530000, 0x000001cc877a0000, 0x000001cc87ad0000]
CodeCache: size=245760Kb, used=16662Kb, max_used=16729Kb, free=229095Kb
 total_blobs=6598, nmethods=5895, adapters=609, full_count=0
Compilation: enabled, stopped_count=0, restarted_count=0

Compilation events (20 events):
Event: 10.230 Thread 0x000001ccf0f39230 nmethod 6475 0x000001cc80bf7a90 code [0x000001cc80bf7d20, 0x000001cc80bf8a58]
Event: 10.230 Thread 0x000001ccf0f39230 6476       3       org.eclipse.core.internal.registry.RegistryObjectFactory::createConfigurationElement (27 bytes)
Event: 10.230 Thread 0x000001ccf0f39230 nmethod 6476 0x000001cc80bf8f90 code [0x000001cc80bf9140, 0x000001cc80bf9340]
Event: 10.230 Thread 0x000001ccf0f39230 6477       3       org.eclipse.core.internal.registry.ConfigurationElement::intern (40 bytes)
Event: 10.231 Thread 0x000001ccf0f39230 nmethod 6477 0x000001cc80bf9410 code [0x000001cc80bf9600, 0x000001cc80bf9ab8]
Event: 10.259 Thread 0x000001ccf0f39230 6479       3       aQute.bnd.header.Parameters::append (104 bytes)
Event: 10.260 Thread 0x000001ccf0f39230 nmethod 6479 0x000001cc80bf9c10 code [0x000001cc80bf9f60, 0x000001cc80bfb420]
Event: 10.260 Thread 0x000001ccf0f39230 6478       3       aQute.bnd.header.Parameters::toString (18 bytes)
Event: 10.260 Thread 0x000001ccf0f39230 nmethod 6478 0x000001cc80bfbc10 code [0x000001cc80bfbe00, 0x000001cc80bfc1d8]
Event: 10.328 Thread 0x000001ccf0f39230 6481       3       org.eclipse.core.internal.jobs.JobManager::select (60 bytes)
Event: 10.328 Thread 0x000001ccf0f39230 nmethod 6481 0x000001cc80bfc390 code [0x000001cc80bfc580, 0x000001cc80bfcaf8]
Event: 10.357 Thread 0x000001ccf0f39230 6482       1       org.eclipse.sisu.bean.LifecycleManager::manage (2 bytes)
Event: 10.357 Thread 0x000001ccf0f39230 nmethod 6482 0x000001cc87db7590 code [0x000001cc87db7720, 0x000001cc87db77f0]
Event: 10.357 Thread 0x000001ccf0f39230 6483       1       org.eclipse.sisu.plexus.RequirementImpl::hint (5 bytes)
Event: 10.358 Thread 0x000001ccf0f39230 nmethod 6483 0x000001cc87db7890 code [0x000001cc87db7a20, 0x000001cc87db7ae8]
Event: 10.358 Thread 0x000001ccf0f39230 6484       1       org.eclipse.sisu.plexus.RequirementImpl::optional (5 bytes)
Event: 10.358 Thread 0x000001ccf0f39230 nmethod 6484 0x000001cc87db7b90 code [0x000001cc87db7d20, 0x000001cc87db7df0]
Event: 10.361 Thread 0x000001ccf0f39230 6485       3       java.lang.invoke.MethodHandle::asTypeCached (52 bytes)
Event: 10.362 Thread 0x000001ccf0f39230 nmethod 6485 0x000001cc80bfcc90 code [0x000001cc80bfce60, 0x000001cc80bfd288]
Event: 10.848 Thread 0x000001ccf0f39230 6486       1       jdk.internal.event.ThreadSleepEvent::isEnabled (2 bytes)

GC Heap History (20 events):
Event: 6.914 GC heap before
{Heap before GC invocations=14 (full 1):
 PSYoungGen      total 23552K, used 7936K [0x00000000d5580000, 0x00000000d7100000, 0x0000000100000000)
  eden space 22016K, 29% used [0x00000000d5580000,0x00000000d5bdf708,0x00000000d6b00000)
  from space 1536K, 91% used [0x00000000d6f80000,0x00000000d70e09b8,0x00000000d7100000)
  to   space 2048K, 0% used [0x00000000d6d00000,0x00000000d6d00000,0x00000000d6f00000)
 ParOldGen       total 68608K, used 17228K [0x0000000080000000, 0x0000000084300000, 0x00000000d5580000)
  object space 68608K, 25% used [0x0000000080000000,0x00000000810d3280,0x0000000084300000)
 Metaspace       used 34730K, committed 35840K, reserved 1114112K
  class space    used 3616K, committed 4096K, reserved 1048576K
}
Event: 6.916 GC heap after
{Heap after GC invocations=14 (full 1):
 PSYoungGen      total 24064K, used 740K [0x00000000d5580000, 0x00000000d7000000, 0x0000000100000000)
  eden space 22016K, 0% used [0x00000000d5580000,0x00000000d5580000,0x00000000d6b00000)
  from space 2048K, 36% used [0x00000000d6d00000,0x00000000d6db92e0,0x00000000d6f00000)
  to   space 1024K, 0% used [0x00000000d6f00000,0x00000000d6f00000,0x00000000d7000000)
 ParOldGen       total 68608K, used 18460K [0x0000000080000000, 0x0000000084300000, 0x00000000d5580000)
  object space 68608K, 26% used [0x0000000080000000,0x0000000081207270,0x0000000084300000)
 Metaspace       used 34730K, committed 35840K, reserved 1114112K
  class space    used 3616K, committed 4096K, reserved 1048576K
}
Event: 6.916 GC heap before
{Heap before GC invocations=15 (full 2):
 PSYoungGen      total 24064K, used 740K [0x00000000d5580000, 0x00000000d7000000, 0x0000000100000000)
  eden space 22016K, 0% used [0x00000000d5580000,0x00000000d5580000,0x00000000d6b00000)
  from space 2048K, 36% used [0x00000000d6d00000,0x00000000d6db92e0,0x00000000d6f00000)
  to   space 1024K, 0% used [0x00000000d6f00000,0x00000000d6f00000,0x00000000d7000000)
 ParOldGen       total 68608K, used 18460K [0x0000000080000000, 0x0000000084300000, 0x00000000d5580000)
  object space 68608K, 26% used [0x0000000080000000,0x0000000081207270,0x0000000084300000)
 Metaspace       used 34730K, committed 35840K, reserved 1114112K
  class space    used 3616K, committed 4096K, reserved 1048576K
}
Event: 6.944 GC heap after
{Heap after GC invocations=15 (full 2):
 PSYoungGen      total 24064K, used 0K [0x00000000d5580000, 0x00000000d7000000, 0x0000000100000000)
  eden space 22016K, 0% used [0x00000000d5580000,0x00000000d5580000,0x00000000d6b00000)
  from space 2048K, 0% used [0x00000000d6d00000,0x00000000d6d00000,0x00000000d6f00000)
  to   space 1024K, 0% used [0x00000000d6f00000,0x00000000d6f00000,0x00000000d7000000)
 ParOldGen       total 68608K, used 18181K [0x0000000080000000, 0x0000000084300000, 0x00000000d5580000)
  object space 68608K, 26% used [0x0000000080000000,0x00000000811c16d0,0x0000000084300000)
 Metaspace       used 34730K, committed 35840K, reserved 1114112K
  class space    used 3616K, committed 4096K, reserved 1048576K
}
Event: 7.178 GC heap before
{Heap before GC invocations=16 (full 2):
 PSYoungGen      total 24064K, used 22016K [0x00000000d5580000, 0x00000000d7000000, 0x0000000100000000)
  eden space 22016K, 100% used [0x00000000d5580000,0x00000000d6b00000,0x00000000d6b00000)
  from space 2048K, 0% used [0x00000000d6d00000,0x00000000d6d00000,0x00000000d6f00000)
  to   space 1024K, 0% used [0x00000000d6f00000,0x00000000d6f00000,0x00000000d7000000)
 ParOldGen       total 68608K, used 18181K [0x0000000080000000, 0x0000000084300000, 0x00000000d5580000)
  object space 68608K, 26% used [0x0000000080000000,0x00000000811c16d0,0x0000000084300000)
 Metaspace       used 37372K, committed 38592K, reserved 1114112K
  class space    used 3903K, committed 4416K, reserved 1048576K
}
Event: 7.181 GC heap after
{Heap after GC invocations=16 (full 2):
 PSYoungGen      total 23040K, used 1008K [0x00000000d5580000, 0x00000000d7000000, 0x0000000100000000)
  eden space 22016K, 0% used [0x00000000d5580000,0x00000000d5580000,0x00000000d6b00000)
  from space 1024K, 98% used [0x00000000d6f00000,0x00000000d6ffc030,0x00000000d7000000)
  to   space 2560K, 0% used [0x00000000d6b00000,0x00000000d6b00000,0x00000000d6d80000)
 ParOldGen       total 68608K, used 19408K [0x0000000080000000, 0x0000000084300000, 0x00000000d5580000)
  object space 68608K, 28% used [0x0000000080000000,0x00000000812f4240,0x0000000084300000)
 Metaspace       used 37372K, committed 38592K, reserved 1114112K
  class space    used 3903K, committed 4416K, reserved 1048576K
}
Event: 7.297 GC heap before
{Heap before GC invocations=17 (full 2):
 PSYoungGen      total 23040K, used 23024K [0x00000000d5580000, 0x00000000d7000000, 0x0000000100000000)
  eden space 22016K, 100% used [0x00000000d5580000,0x00000000d6b00000,0x00000000d6b00000)
  from space 1024K, 98% used [0x00000000d6f00000,0x00000000d6ffc030,0x00000000d7000000)
  to   space 2560K, 0% used [0x00000000d6b00000,0x00000000d6b00000,0x00000000d6d80000)
 ParOldGen       total 68608K, used 19408K [0x0000000080000000, 0x0000000084300000, 0x00000000d5580000)
  object space 68608K, 28% used [0x0000000080000000,0x00000000812f4240,0x0000000084300000)
 Metaspace       used 39248K, committed 40512K, reserved 1114112K
  class space    used 4130K, committed 4672K, reserved 1048576K
}
Event: 7.300 GC heap after
{Heap after GC invocations=17 (full 2):
 PSYoungGen      total 24576K, used 2544K [0x00000000d5580000, 0x00000000d7600000, 0x0000000100000000)
  eden space 22016K, 0% used [0x00000000d5580000,0x00000000d5580000,0x00000000d6b00000)
  from space 2560K, 99% used [0x00000000d6b00000,0x00000000d6d7c130,0x00000000d6d80000)
  to   space 5632K, 0% used [0x00000000d7080000,0x00000000d7080000,0x00000000d7600000)
 ParOldGen       total 68608K, used 21774K [0x0000000080000000, 0x0000000084300000, 0x00000000d5580000)
  object space 68608K, 31% used [0x0000000080000000,0x0000000081543950,0x0000000084300000)
 Metaspace       used 39248K, committed 40512K, reserved 1114112K
  class space    used 4130K, committed 4672K, reserved 1048576K
}
Event: 7.496 GC heap before
{Heap before GC invocations=18 (full 2):
 PSYoungGen      total 24576K, used 24560K [0x00000000d5580000, 0x00000000d7600000, 0x0000000100000000)
  eden space 22016K, 100% used [0x00000000d5580000,0x00000000d6b00000,0x00000000d6b00000)
  from space 2560K, 99% used [0x00000000d6b00000,0x00000000d6d7c130,0x00000000d6d80000)
  to   space 5632K, 0% used [0x00000000d7080000,0x00000000d7080000,0x00000000d7600000)
 ParOldGen       total 68608K, used 21774K [0x0000000080000000, 0x0000000084300000, 0x00000000d5580000)
  object space 68608K, 31% used [0x0000000080000000,0x0000000081543950,0x0000000084300000)
 Metaspace       used 41288K, committed 42432K, reserved 1114112K
  class space    used 4373K, committed 4864K, reserved 1048576K
}
Event: 7.499 GC heap after
{Heap after GC invocations=18 (full 2):
 PSYoungGen      total 23552K, used 1044K [0x00000000d5580000, 0x00000000d7200000, 0x0000000100000000)
  eden space 22016K, 0% used [0x00000000d5580000,0x00000000d5580000,0x00000000d6b00000)
  from space 1536K, 68% used [0x00000000d7080000,0x00000000d71853c8,0x00000000d7200000)
  to   space 2560K, 0% used [0x00000000d6d00000,0x00000000d6d00000,0x00000000d6f80000)
 ParOldGen       total 68608K, used 24088K [0x0000000080000000, 0x0000000084300000, 0x00000000d5580000)
  object space 68608K, 35% used [0x0000000080000000,0x0000000081786020,0x0000000084300000)
 Metaspace       used 41288K, committed 42432K, reserved 1114112K
  class space    used 4373K, committed 4864K, reserved 1048576K
}
Event: 7.806 GC heap before
{Heap before GC invocations=19 (full 2):
 PSYoungGen      total 23552K, used 23060K [0x00000000d5580000, 0x00000000d7200000, 0x0000000100000000)
  eden space 22016K, 100% used [0x00000000d5580000,0x00000000d6b00000,0x00000000d6b00000)
  from space 1536K, 68% used [0x00000000d7080000,0x00000000d71853c8,0x00000000d7200000)
  to   space 2560K, 0% used [0x00000000d6d00000,0x00000000d6d00000,0x00000000d6f80000)
 ParOldGen       total 68608K, used 24088K [0x0000000080000000, 0x0000000084300000, 0x00000000d5580000)
  object space 68608K, 35% used [0x0000000080000000,0x0000000081786020,0x0000000084300000)
 Metaspace       used 43846K, committed 45056K, reserved 1114112K
  class space    used 4709K, committed 5248K, reserved 1048576K
}
Event: 7.809 GC heap after
{Heap after GC invocations=19 (full 2):
 PSYoungGen      total 24576K, used 1056K [0x00000000d5580000, 0x00000000d7100000, 0x0000000100000000)
  eden space 22016K, 0% used [0x00000000d5580000,0x00000000d5580000,0x00000000d6b00000)
  from space 2560K, 41% used [0x00000000d6d00000,0x00000000d6e08020,0x00000000d6f80000)
  to   space 1536K, 0% used [0x00000000d6f80000,0x00000000d6f80000,0x00000000d7100000)
 ParOldGen       total 68608K, used 24972K [0x0000000080000000, 0x0000000084300000, 0x00000000d5580000)
  object space 68608K, 36% used [0x0000000080000000,0x0000000081863290,0x0000000084300000)
 Metaspace       used 43846K, committed 45056K, reserved 1114112K
  class space    used 4709K, committed 5248K, reserved 1048576K
}
Event: 8.164 GC heap before
{Heap before GC invocations=20 (full 2):
 PSYoungGen      total 24576K, used 23072K [0x00000000d5580000, 0x00000000d7100000, 0x0000000100000000)
  eden space 22016K, 100% used [0x00000000d5580000,0x00000000d6b00000,0x00000000d6b00000)
  from space 2560K, 41% used [0x00000000d6d00000,0x00000000d6e08020,0x00000000d6f80000)
  to   space 1536K, 0% used [0x00000000d6f80000,0x00000000d6f80000,0x00000000d7100000)
 ParOldGen       total 68608K, used 24972K [0x0000000080000000, 0x0000000084300000, 0x00000000d5580000)
  object space 68608K, 36% used [0x0000000080000000,0x0000000081863290,0x0000000084300000)
 Metaspace       used 45737K, committed 46976K, reserved 1114112K
  class space    used 4959K, committed 5504K, reserved 1048576K
}
Event: 8.166 GC heap after
{Heap after GC invocations=20 (full 2):
 PSYoungGen      total 23040K, used 928K [0x00000000d5580000, 0x00000000d7080000, 0x0000000100000000)
  eden space 22016K, 0% used [0x00000000d5580000,0x00000000d5580000,0x00000000d6b00000)
  from space 1024K, 90% used [0x00000000d6f80000,0x00000000d7068000,0x00000000d7080000)
  to   space 1024K, 0% used [0x00000000d6e80000,0x00000000d6e80000,0x00000000d6f80000)
 ParOldGen       total 68608K, used 25916K [0x0000000080000000, 0x0000000084300000, 0x00000000d5580000)
  object space 68608K, 37% used [0x0000000080000000,0x000000008194f2b0,0x0000000084300000)
 Metaspace       used 45737K, committed 46976K, reserved 1114112K
  class space    used 4959K, committed 5504K, reserved 1048576K
}
Event: 8.592 GC heap before
{Heap before GC invocations=21 (full 2):
 PSYoungGen      total 23040K, used 22944K [0x00000000d5580000, 0x00000000d7080000, 0x0000000100000000)
  eden space 22016K, 100% used [0x00000000d5580000,0x00000000d6b00000,0x00000000d6b00000)
  from space 1024K, 90% used [0x00000000d6f80000,0x00000000d7068000,0x00000000d7080000)
  to   space 1024K, 0% used [0x00000000d6e80000,0x00000000d6e80000,0x00000000d6f80000)
 ParOldGen       total 68608K, used 25916K [0x0000000080000000, 0x0000000084300000, 0x00000000d5580000)
  object space 68608K, 37% used [0x0000000080000000,0x000000008194f2b0,0x0000000084300000)
 Metaspace       used 47675K, committed 48896K, reserved 1114112K
  class space    used 5232K, committed 5760K, reserved 1048576K
}
Event: 8.595 GC heap after
{Heap after GC invocations=21 (full 2):
 PSYoungGen      total 23040K, used 1024K [0x00000000d5580000, 0x00000000d7000000, 0x0000000100000000)
  eden space 22016K, 0% used [0x00000000d5580000,0x00000000d5580000,0x00000000d6b00000)
  from space 1024K, 100% used [0x00000000d6e80000,0x00000000d6f80000,0x00000000d6f80000)
  to   space 512K, 0% used [0x00000000d6f80000,0x00000000d6f80000,0x00000000d7000000)
 ParOldGen       total 68608K, used 26747K [0x0000000080000000, 0x0000000084300000, 0x00000000d5580000)
  object space 68608K, 38% used [0x0000000080000000,0x0000000081a1efb0,0x0000000084300000)
 Metaspace       used 47675K, committed 48896K, reserved 1114112K
  class space    used 5232K, committed 5760K, reserved 1048576K
}
Event: 9.015 GC heap before
{Heap before GC invocations=22 (full 2):
 PSYoungGen      total 23040K, used 23028K [0x00000000d5580000, 0x00000000d7000000, 0x0000000100000000)
  eden space 22016K, 99% used [0x00000000d5580000,0x00000000d6afd028,0x00000000d6b00000)
  from space 1024K, 100% used [0x00000000d6e80000,0x00000000d6f80000,0x00000000d6f80000)
  to   space 512K, 0% used [0x00000000d6f80000,0x00000000d6f80000,0x00000000d7000000)
 ParOldGen       total 68608K, used 26747K [0x0000000080000000, 0x0000000084300000, 0x00000000d5580000)
  object space 68608K, 38% used [0x0000000080000000,0x0000000081a1efb0,0x0000000084300000)
 Metaspace       used 49692K, committed 50944K, reserved 1114112K
  class space    used 5459K, committed 6016K, reserved 1048576K
}
Event: 9.016 GC heap after
{Heap after GC invocations=22 (full 2):
 PSYoungGen      total 22528K, used 505K [0x00000000d5580000, 0x00000000d7000000, 0x0000000100000000)
  eden space 22016K, 0% used [0x00000000d5580000,0x00000000d5580000,0x00000000d6b00000)
  from space 512K, 98% used [0x00000000d6f80000,0x00000000d6ffe5f0,0x00000000d7000000)
  to   space 2048K, 0% used [0x00000000d6c00000,0x00000000d6c00000,0x00000000d6e00000)
 ParOldGen       total 68608K, used 28178K [0x0000000080000000, 0x0000000084300000, 0x00000000d5580000)
  object space 68608K, 41% used [0x0000000080000000,0x0000000081b84938,0x0000000084300000)
 Metaspace       used 49692K, committed 50944K, reserved 1114112K
  class space    used 5459K, committed 6016K, reserved 1048576K
}
Event: 9.664 GC heap before
{Heap before GC invocations=23 (full 2):
 PSYoungGen      total 22528K, used 22521K [0x00000000d5580000, 0x00000000d7000000, 0x0000000100000000)
  eden space 22016K, 100% used [0x00000000d5580000,0x00000000d6b00000,0x00000000d6b00000)
  from space 512K, 98% used [0x00000000d6f80000,0x00000000d6ffe5f0,0x00000000d7000000)
  to   space 2048K, 0% used [0x00000000d6c00000,0x00000000d6c00000,0x00000000d6e00000)
 ParOldGen       total 68608K, used 28178K [0x0000000080000000, 0x0000000084300000, 0x00000000d5580000)
  object space 68608K, 41% used [0x0000000080000000,0x0000000081b84938,0x0000000084300000)
 Metaspace       used 51153K, committed 52416K, reserved 1114112K
  class space    used 5602K, committed 6144K, reserved 1048576K
}
Event: 9.666 GC heap after
{Heap after GC invocations=23 (full 2):
 PSYoungGen      total 24064K, used 1486K [0x00000000d5580000, 0x00000000d7000000, 0x0000000100000000)
  eden space 22016K, 0% used [0x00000000d5580000,0x00000000d5580000,0x00000000d6b00000)
  from space 2048K, 72% used [0x00000000d6c00000,0x00000000d6d73a48,0x00000000d6e00000)
  to   space 2048K, 0% used [0x00000000d6e00000,0x00000000d6e00000,0x00000000d7000000)
 ParOldGen       total 68608K, used 30540K [0x0000000080000000, 0x0000000084300000, 0x00000000d5580000)
  object space 68608K, 44% used [0x0000000080000000,0x0000000081dd3338,0x0000000084300000)
 Metaspace       used 51153K, committed 52416K, reserved 1114112K
  class space    used 5602K, committed 6144K, reserved 1048576K
}

Dll operation events (10 events):
Event: 0.037 Loaded shared library c:\Users\flori\.vscode\extensions\redhat.java-1.47.0-win32-x64\jre\21.0.8-win32-x86_64\bin\java.dll
Event: 0.154 Loaded shared library c:\Users\flori\.vscode\extensions\redhat.java-1.47.0-win32-x64\jre\21.0.8-win32-x86_64\bin\zip.dll
Event: 0.187 Loaded shared library C:\Users\flori\.vscode\extensions\redhat.java-1.47.0-win32-x64\jre\21.0.8-win32-x86_64\bin\instrument.dll
Event: 0.195 Loaded shared library C:\Users\flori\.vscode\extensions\redhat.java-1.47.0-win32-x64\jre\21.0.8-win32-x86_64\bin\net.dll
Event: 0.207 Loaded shared library C:\Users\flori\.vscode\extensions\redhat.java-1.47.0-win32-x64\jre\21.0.8-win32-x86_64\bin\nio.dll
Event: 0.216 Loaded shared library C:\Users\flori\.vscode\extensions\redhat.java-1.47.0-win32-x64\jre\21.0.8-win32-x86_64\bin\zip.dll
Event: 0.252 Loaded shared library C:\Users\flori\.vscode\extensions\redhat.java-1.47.0-win32-x64\jre\21.0.8-win32-x86_64\bin\jimage.dll
Event: 0.419 Loaded shared library c:\Users\flori\.vscode\extensions\redhat.java-1.47.0-win32-x64\jre\21.0.8-win32-x86_64\bin\verify.dll
Event: 2.412 Loaded shared library C:\Users\flori\AppData\Roaming\Code\User\globalStorage\redhat.java\1.47.0\config_win\org.eclipse.equinox.launcher\org.eclipse.equinox.launcher.win32.win32.x86_64_1.2.1400.v20250801-0854\eclipse_11916.dll
Event: 4.398 Loaded shared library C:\Users\flori\AppData\Local\Temp\jna-97526880\jna15047962835796321806.dll

Deoptimization events (20 events):
Event: 10.118 Thread 0x000001ccfeee2650 Uncommon trap: trap_request=0xffffffd6 fr.pc=0x000001cc87d7af70 relative=0x0000000000000cb0
Event: 10.118 Thread 0x000001ccfeee2650 Uncommon trap: reason=array_check action=maybe_recompile pc=0x000001cc87d7af70 method=com.google.inject.internal.MoreTypes$ParameterizedTypeImpl.<init>(Ljava/lang/reflect/Type;Ljava/lang/reflect/Type;[Ljava/lang/reflect/Type;)V @ 200 c2
Event: 10.118 Thread 0x000001ccfeee2650 DEOPT PACKING pc=0x000001cc87d7af70 sp=0x000000c0b08fb870
Event: 10.118 Thread 0x000001ccfeee2650 DEOPT UNPACKING pc=0x000001cc87583aa2 sp=0x000000c0b08fb728 mode 2
Event: 10.126 Thread 0x000001ccfeee2650 Uncommon trap: trap_request=0xffffffd6 fr.pc=0x000001cc87d7af70 relative=0x0000000000000cb0
Event: 10.126 Thread 0x000001ccfeee2650 Uncommon trap: reason=array_check action=maybe_recompile pc=0x000001cc87d7af70 method=com.google.inject.internal.MoreTypes$ParameterizedTypeImpl.<init>(Ljava/lang/reflect/Type;Ljava/lang/reflect/Type;[Ljava/lang/reflect/Type;)V @ 200 c2
Event: 10.127 Thread 0x000001ccfeee2650 DEOPT PACKING pc=0x000001cc87d7af70 sp=0x000000c0b08fb870
Event: 10.127 Thread 0x000001ccfeee2650 DEOPT UNPACKING pc=0x000001cc87583aa2 sp=0x000000c0b08fb728 mode 2
Event: 10.127 Thread 0x000001ccfeee2650 Uncommon trap: trap_request=0xffffffd6 fr.pc=0x000001cc87d7af70 relative=0x0000000000000cb0
Event: 10.127 Thread 0x000001ccfeee2650 Uncommon trap: reason=array_check action=maybe_recompile pc=0x000001cc87d7af70 method=com.google.inject.internal.MoreTypes$ParameterizedTypeImpl.<init>(Ljava/lang/reflect/Type;Ljava/lang/reflect/Type;[Ljava/lang/reflect/Type;)V @ 200 c2
Event: 10.127 Thread 0x000001ccfeee2650 DEOPT PACKING pc=0x000001cc87d7af70 sp=0x000000c0b08fb860
Event: 10.127 Thread 0x000001ccfeee2650 DEOPT UNPACKING pc=0x000001cc87583aa2 sp=0x000000c0b08fb718 mode 2
Event: 10.128 Thread 0x000001ccfeee2650 Uncommon trap: trap_request=0xffffffd6 fr.pc=0x000001cc87d7af70 relative=0x0000000000000cb0
Event: 10.128 Thread 0x000001ccfeee2650 Uncommon trap: reason=array_check action=maybe_recompile pc=0x000001cc87d7af70 method=com.google.inject.internal.MoreTypes$ParameterizedTypeImpl.<init>(Ljava/lang/reflect/Type;Ljava/lang/reflect/Type;[Ljava/lang/reflect/Type;)V @ 200 c2
Event: 10.128 Thread 0x000001ccfeee2650 DEOPT PACKING pc=0x000001cc87d7af70 sp=0x000000c0b08fc8b0
Event: 10.128 Thread 0x000001ccfeee2650 DEOPT UNPACKING pc=0x000001cc87583aa2 sp=0x000000c0b08fc768 mode 2
Event: 10.130 Thread 0x000001ccfeee2650 Uncommon trap: trap_request=0xffffffd6 fr.pc=0x000001cc87d79070 relative=0x0000000000000930
Event: 10.130 Thread 0x000001ccfeee2650 Uncommon trap: reason=array_check action=maybe_recompile pc=0x000001cc87d79070 method=com.google.inject.internal.MoreTypes$ParameterizedTypeImpl.<init>(Ljava/lang/reflect/Type;Ljava/lang/reflect/Type;[Ljava/lang/reflect/Type;)V @ 200 c2
Event: 10.130 Thread 0x000001ccfeee2650 DEOPT PACKING pc=0x000001cc87d79070 sp=0x000000c0b08fb690
Event: 10.130 Thread 0x000001ccfeee2650 DEOPT UNPACKING pc=0x000001cc87583aa2 sp=0x000000c0b08fb5b0 mode 2

Classes loaded (20 events):
Event: 8.949 Loading class java/util/concurrent/CompletableFuture$AltResult
Event: 8.950 Loading class java/util/concurrent/CompletableFuture$AltResult done
Event: 8.950 Loading class java/util/concurrent/CompletableFuture$Completion
Event: 8.950 Loading class java/util/concurrent/CompletableFuture$AsynchronousCompletionTask
Event: 8.950 Loading class java/util/concurrent/CompletableFuture$AsynchronousCompletionTask done
Event: 8.950 Loading class java/util/concurrent/CompletableFuture$Completion done
Event: 8.967 Loading class java/util/regex/Pattern$Pos
Event: 8.967 Loading class java/util/regex/Pattern$Pos done
Event: 8.999 Loading class sun/security/provider/MD5
Event: 9.002 Loading class sun/security/provider/MD5 done
Event: 9.002 Loading class sun/security/provider/ByteArrayAccess$LE
Event: 9.003 Loading class sun/security/provider/ByteArrayAccess$LE done
Event: 9.205 Loading class java/util/regex/Pattern$Caret
Event: 9.205 Loading class java/util/regex/Pattern$Caret done
Event: 9.601 Loading class java/util/concurrent/ArrayBlockingQueue
Event: 9.602 Loading class java/util/concurrent/ArrayBlockingQueue done
Event: 9.799 Loading class java/util/Hashtable$ValueCollection
Event: 9.800 Loading class java/util/Hashtable$ValueCollection done
Event: 9.817 Loading class sun/nio/ch/ChannelOutputStream
Event: 9.817 Loading class sun/nio/ch/ChannelOutputStream done

Classes unloaded (7 events):
Event: 5.051 Thread 0x000001ccf108e960 Unloading class 0x000001cc901a3000 'java/lang/invoke/LambdaForm$MH+0x000001cc901a3000'
Event: 5.051 Thread 0x000001ccf108e960 Unloading class 0x000001cc901a2c00 'java/lang/invoke/LambdaForm$MH+0x000001cc901a2c00'
Event: 5.051 Thread 0x000001ccf108e960 Unloading class 0x000001cc901a2800 'java/lang/invoke/LambdaForm$MH+0x000001cc901a2800'
Event: 5.051 Thread 0x000001ccf108e960 Unloading class 0x000001cc901a2400 'java/lang/invoke/LambdaForm$MH+0x000001cc901a2400'
Event: 5.051 Thread 0x000001ccf108e960 Unloading class 0x000001cc901a2000 'java/lang/invoke/LambdaForm$BMH+0x000001cc901a2000'
Event: 5.051 Thread 0x000001ccf108e960 Unloading class 0x000001cc901a1c00 'java/lang/invoke/LambdaForm$DMH+0x000001cc901a1c00'
Event: 5.051 Thread 0x000001ccf108e960 Unloading class 0x000001cc901a0800 'java/lang/invoke/LambdaForm$DMH+0x000001cc901a0800'

Classes redefined (0 events):
No events

Internal exceptions (20 events):
Event: 7.641 Thread 0x000001ccfe7c23a0 Implicit null exception at 0x000001cc87c76176 to 0x000001cc87c76498
Event: 7.642 Thread 0x000001ccfe7c23a0 Exception <a 'java/lang/NoSuchMethodError'{0x00000000d60518e0}: 'int java.lang.invoke.Invokers$Holder.linkToTargetMethod(java.lang.Object, java.lang.Object, java.lang.Object)'> (0x00000000d60518e0) 
thrown [s\src\hotspot\share\interpreter\linkResolver.cpp, line 773]
Event: 7.671 Thread 0x000001ccfeee2650 Exception <a 'sun/nio/fs/WindowsException'{0x00000000d6308620}> (0x00000000d6308620) 
thrown [s\src\hotspot\share\prims\jni.cpp, line 520]
Event: 8.198 Thread 0x000001ccfeee4db0 Exception <a 'java/lang/ExceptionInInitializerError'{0x00000000d5810288}> (0x00000000d5810288) 
thrown [s\src\hotspot\share\oops\instanceKlass.cpp, line 1220]
Event: 8.225 Thread 0x000001ccfeee4db0 Implicit null exception at 0x000001cc87c0587e to 0x000001cc87c05af0
Event: 8.225 Thread 0x000001ccfeee4db0 Implicit null exception at 0x000001cc87b82f9c to 0x000001cc87b83eb8
Event: 8.227 Thread 0x000001ccfeee4db0 Exception <a 'java/lang/NoSuchMethodError'{0x00000000d5994f30}: 'java.lang.Object java.lang.invoke.Invokers$Holder.invokeExact_MT(java.lang.Object, int, java.lang.Object)'> (0x00000000d5994f30) 
thrown [s\src\hotspot\share\interpreter\linkResolver.cpp, line 773]
Event: 8.630 Thread 0x000001ccfeee4db0 Exception <a 'java/lang/NoClassDefFoundError'{0x00000000d57f85a0}: com/google/inject/servlet/ServletModuleTargetVisitor> (0x00000000d57f85a0) 
thrown [s\src\hotspot\share\classfile\systemDictionary.cpp, line 301]
Event: 8.992 Thread 0x000001ccfe7c23a0 Exception <a 'java/lang/IncompatibleClassChangeError'{0x00000000d6a5bdf0}: Found class java.lang.Object, but interface was expected> (0x00000000d6a5bdf0) 
thrown [s\src\hotspot\share\interpreter\linkResolver.cpp, line 840]
Event: 9.180 Thread 0x000001ccfeee2650 Exception <a 'java/lang/NoClassDefFoundError'{0x00000000d59bf730}: org/eclipse/core/runtime/IPath> (0x00000000d59bf730) 
thrown [s\src\hotspot\share\classfile\systemDictionary.cpp, line 301]
Event: 9.477 Thread 0x000001ccfeee2650 Exception <a 'java/lang/NoClassDefFoundError'{0x00000000d686eb50}: org/eclipse/jdt/internal/core/CompilationUnit> (0x00000000d686eb50) 
thrown [s\src\hotspot\share\classfile\systemDictionary.cpp, line 301]
Event: 9.827 Thread 0x000001ccfeee2650 Exception <a 'sun/nio/fs/WindowsException'{0x00000000d5799930}> (0x00000000d5799930) 
thrown [s\src\hotspot\share\prims\jni.cpp, line 520]
Event: 9.827 Thread 0x000001ccfeee2650 Exception <a 'sun/nio/fs/WindowsException'{0x00000000d5799f80}> (0x00000000d5799f80) 
thrown [s\src\hotspot\share\prims\jni.cpp, line 520]
Event: 9.978 Thread 0x000001ccfeee2650 Exception <a 'java/lang/NoSuchMethodError'{0x00000000d5c1c078}: 'void java.lang.invoke.DirectMethodHandle$Holder.invokeStatic(java.lang.Object, java.lang.Object, java.lang.Object, int)'> (0x00000000d5c1c078) 
thrown [s\src\hotspot\share\interpreter\linkResolver.cpp, line 773]
Event: 10.091 Thread 0x000001ccfeee2650 Exception <a 'java/lang/NoSuchMethodError'{0x00000000d5c413d8}: 'void java.lang.invoke.DirectMethodHandle$Holder.invokeVirtual(java.lang.Object, java.lang.Object, int)'> (0x00000000d5c413d8) 
thrown [s\src\hotspot\share\interpreter\linkResolver.cpp, line 773]
Event: 10.092 Thread 0x000001ccfeee2650 Implicit null exception at 0x000001cc87d76d03 to 0x000001cc87d76f84
Event: 10.204 Thread 0x000001ccfeee2650 Exception <a 'java/lang/NoSuchMethodError'{0x00000000d5e66260}: 'java.lang.Object java.lang.invoke.DirectMethodHandle$Holder.newInvokeSpecial(java.lang.Object, java.lang.Object, int, java.lang.Object, java.lang.Object)'> (0x00000000d5e66260) 
thrown [s\src\hotspot\share\interpreter\linkResolver.cpp, line 773]
Event: 10.214 Thread 0x000001ccfeee2650 Exception <a 'java/lang/NoSuchMethodError'{0x00000000d5e8b490}: 'java.lang.Object java.lang.invoke.DirectMethodHandle$Holder.invokeSpecial(java.lang.Object, java.lang.Object, java.lang.Object, int, java.lang.Object, java.lang.Object, java.lang.Object)'> (0x00000000d5e8b490) 
thrown [s\src\hotspot\share\interpreter\linkResolver.cpp, line 773]
Event: 10.267 Thread 0x000001ccfeee2650 Exception <a 'java/lang/NoSuchMethodError'{0x00000000d5f95550}: 'java.lang.Object java.lang.invoke.DirectMethodHandle$Holder.invokeStatic(java.lang.Object, java.lang.Object, int, java.lang.Object, java.lang.Object)'> (0x00000000d5f95550) 
thrown [s\src\hotspot\share\interpreter\linkResolver.cpp, line 773]
Event: 10.267 Thread 0x000001ccfeee2650 Exception <a 'java/lang/NoSuchMethodError'{0x00000000d5f9bb78}: 'java.lang.Object java.lang.invoke.DirectMethodHandle$Holder.newInvokeSpecial(java.lang.Object, java.lang.Object, int)'> (0x00000000d5f9bb78) 
thrown [s\src\hotspot\share\interpreter\linkResolver.cpp, line 773]

ZGC Phase Switch (0 events):
No events

VM Operations (20 events):
Event: 7.673 Executing VM operation: HandshakeAllThreads (Deoptimize)
Event: 7.673 Executing VM operation: HandshakeAllThreads (Deoptimize) done
Event: 7.683 Executing VM operation: HandshakeAllThreads (Deoptimize)
Event: 7.683 Executing VM operation: HandshakeAllThreads (Deoptimize) done
Event: 7.806 Executing VM operation: ParallelGCFailedAllocation (Allocation Failure)
Event: 7.809 Executing VM operation: ParallelGCFailedAllocation (Allocation Failure) done
Event: 7.914 Executing VM operation: HandshakeAllThreads (Deoptimize)
Event: 7.914 Executing VM operation: HandshakeAllThreads (Deoptimize) done
Event: 8.163 Executing VM operation: ParallelGCFailedAllocation (Allocation Failure)
Event: 8.166 Executing VM operation: ParallelGCFailedAllocation (Allocation Failure) done
Event: 8.268 Executing VM operation: HandshakeAllThreads (Deoptimize)
Event: 8.268 Executing VM operation: HandshakeAllThreads (Deoptimize) done
Event: 8.592 Executing VM operation: ParallelGCFailedAllocation (Allocation Failure)
Event: 8.595 Executing VM operation: ParallelGCFailedAllocation (Allocation Failure) done
Event: 9.014 Executing VM operation: ParallelGCFailedAllocation (Allocation Failure)
Event: 9.016 Executing VM operation: ParallelGCFailedAllocation (Allocation Failure) done
Event: 9.664 Executing VM operation: ParallelGCFailedAllocation (Allocation Failure)
Event: 9.666 Executing VM operation: ParallelGCFailedAllocation (Allocation Failure) done
Event: 9.865 Executing VM operation: HandshakeAllThreads (Deoptimize)
Event: 9.865 Executing VM operation: HandshakeAllThreads (Deoptimize) done

Memory protections (0 events):
No events

Nmethod flushes (20 events):
Event: 6.932 Thread 0x000001ccf108e960 flushing  nmethod 0x000001cc80665010
Event: 6.932 Thread 0x000001ccf108e960 flushing  nmethod 0x000001cc80666990
Event: 6.932 Thread 0x000001ccf108e960 flushing  nmethod 0x000001cc80667290
Event: 6.932 Thread 0x000001ccf108e960 flushing  nmethod 0x000001cc80669210
Event: 6.932 Thread 0x000001ccf108e960 flushing  nmethod 0x000001cc80669990
Event: 6.932 Thread 0x000001ccf108e960 flushing  nmethod 0x000001cc8066a310
Event: 6.932 Thread 0x000001ccf108e960 flushing  nmethod 0x000001cc8066a810
Event: 6.932 Thread 0x000001ccf108e960 flushing  nmethod 0x000001cc8066b790
Event: 6.932 Thread 0x000001ccf108e960 flushing  nmethod 0x000001cc8066c010
Event: 6.932 Thread 0x000001ccf108e960 flushing  nmethod 0x000001cc8066da90
Event: 6.932 Thread 0x000001ccf108e960 flushing  nmethod 0x000001cc80677990
Event: 6.932 Thread 0x000001ccf108e960 flushing  nmethod 0x000001cc80678f90
Event: 6.932 Thread 0x000001ccf108e960 flushing  nmethod 0x000001cc80692510
Event: 6.932 Thread 0x000001ccf108e960 flushing  nmethod 0x000001cc806a2b10
Event: 6.932 Thread 0x000001ccf108e960 flushing  nmethod 0x000001cc806a7210
Event: 6.932 Thread 0x000001ccf108e960 flushing  nmethod 0x000001cc806a9810
Event: 6.932 Thread 0x000001ccf108e960 flushing  nmethod 0x000001cc80701b10
Event: 6.932 Thread 0x000001ccf108e960 flushing  nmethod 0x000001cc80751e10
Event: 6.932 Thread 0x000001ccf108e960 flushing  nmethod 0x000001cc80752290
Event: 6.932 Thread 0x000001ccf108e960 flushing  nmethod 0x000001cc80756010

Events (20 events):
Event: 6.849 Thread 0x000001ccfeee2ce0 Thread added: 0x000001ccfe7bfc40
Event: 6.878 Thread 0x000001cceeb1afe0 Thread added: 0x000001ccfe7bf5b0
Event: 6.878 Thread 0x000001cceeb1afe0 Thread added: 0x000001ccfe7be200
Event: 6.878 Thread 0x000001cceeb1afe0 Thread added: 0x000001ccfe7be890
Event: 6.878 Thread 0x000001cceeb1afe0 Thread added: 0x000001ccfe7c02d0
Event: 6.879 Thread 0x000001cceeb1afe0 Thread added: 0x000001ccfe7c0960
Event: 6.879 Thread 0x000001cceeb1afe0 Thread added: 0x000001ccfe7bdb70
Event: 6.879 Thread 0x000001cceeb1afe0 Thread added: 0x000001ccfe7bd4e0
Event: 6.944 Thread 0x000001cceeb1afe0 Thread added: 0x000001ccfe7c30c0
Event: 7.245 Thread 0x000001ccfeee3370 Thread added: 0x000001ccfe7c4470
Event: 7.247 Thread 0x000001ccfe7c4470 Thread added: 0x000001ccfe7c0ff0
Event: 7.255 Thread 0x000001ccfe7c0ff0 Thread added: 0x000001ccfe7c3750
Event: 7.262 Thread 0x000001ccfe7c3750 Thread added: 0x000001ccfe7c4b00
Event: 7.262 Thread 0x000001ccfe7c4b00 Thread added: 0x000001ccfe7c1d10
Event: 7.378 Thread 0x000001cceeb1afe0 Thread added: 0x000001ccfe7c3de0
Event: 7.378 Thread 0x000001cceeb1afe0 Thread added: 0x000001ccfe7c23a0
Event: 7.715 Thread 0x000001ccfeee2650 Thread added: 0x000001ccfe7c1680
Event: 9.501 Thread 0x000001ccfe61b180 Thread exited: 0x000001ccfe61b180
Event: 9.607 Thread 0x000001ccfeee2650 Thread added: 0x000001ccd0c07bb0
Event: 10.116 Thread 0x000001ccf0f39230 Thread added: 0x000001ccd121fb50


Dynamic libraries:
0x00007ff6392a0000 - 0x00007ff6392ae000 	c:\Users\flori\.vscode\extensions\redhat.java-1.47.0-win32-x64\jre\21.0.8-win32-x86_64\bin\java.exe
0x00007ffd20100000 - 0x00007ffd20368000 	C:\WINDOWS\SYSTEM32\ntdll.dll
0x00007ffd1eeb0000 - 0x00007ffd1ef79000 	C:\WINDOWS\System32\KERNEL32.DLL
0x00007ffd1d450000 - 0x00007ffd1d842000 	C:\WINDOWS\System32\KERNELBASE.dll
0x00007ffd1da90000 - 0x00007ffd1dbdb000 	C:\WINDOWS\System32\ucrtbase.dll
0x00007ffcf7cf0000 - 0x00007ffcf7d08000 	c:\Users\flori\.vscode\extensions\redhat.java-1.47.0-win32-x64\jre\21.0.8-win32-x86_64\bin\jli.dll
0x00007ffcf7cd0000 - 0x00007ffcf7cee000 	c:\Users\flori\.vscode\extensions\redhat.java-1.47.0-win32-x64\jre\21.0.8-win32-x86_64\bin\VCRUNTIME140.dll
0x00007ffd1ef80000 - 0x00007ffd1f145000 	C:\WINDOWS\System32\USER32.dll
0x00007ffd1dc80000 - 0x00007ffd1dca7000 	C:\WINDOWS\System32\win32u.dll
0x00007ffd1fa90000 - 0x00007ffd1fabb000 	C:\WINDOWS\System32\GDI32.dll
0x00007ffd1d320000 - 0x00007ffd1d44d000 	C:\WINDOWS\System32\gdi32full.dll
0x00007ffd1de20000 - 0x00007ffd1dec3000 	C:\WINDOWS\System32\msvcp_win.dll
0x00007ffd0c410000 - 0x00007ffd0c6a3000 	C:\WINDOWS\WinSxS\amd64_microsoft.windows.common-controls_6595b64144ccf1df_6.0.26100.6899_none_3e0efeeae32e88c1\COMCTL32.dll
0x00007ffd1fbe0000 - 0x00007ffd1fc89000 	C:\WINDOWS\System32\msvcrt.dll
0x00007ffd1dfd0000 - 0x00007ffd1dfff000 	C:\WINDOWS\System32\IMM32.DLL
0x00007ffcfa7d0000 - 0x00007ffcfa7dc000 	c:\Users\flori\.vscode\extensions\redhat.java-1.47.0-win32-x64\jre\21.0.8-win32-x86_64\bin\vcruntime140_1.dll
0x00007ffcd8f80000 - 0x00007ffcd900d000 	c:\Users\flori\.vscode\extensions\redhat.java-1.47.0-win32-x64\jre\21.0.8-win32-x86_64\bin\msvcp140.dll
0x00007ffc94760000 - 0x00007ffc954f7000 	c:\Users\flori\.vscode\extensions\redhat.java-1.47.0-win32-x64\jre\21.0.8-win32-x86_64\bin\server\jvm.dll
0x00007ffd1ea20000 - 0x00007ffd1ead4000 	C:\WINDOWS\System32\ADVAPI32.dll
0x00007ffd1e210000 - 0x00007ffd1e2b6000 	C:\WINDOWS\System32\sechost.dll
0x00007ffd1fac0000 - 0x00007ffd1fbd8000 	C:\WINDOWS\System32\RPCRT4.dll
0x00007ffd1fc90000 - 0x00007ffd1fd04000 	C:\WINDOWS\System32\WS2_32.dll
0x00007ffd1d040000 - 0x00007ffd1d09e000 	C:\WINDOWS\SYSTEM32\POWRPROF.dll
0x00007ffd162e0000 - 0x00007ffd16315000 	C:\WINDOWS\SYSTEM32\WINMM.dll
0x00007ffd16320000 - 0x00007ffd1632b000 	C:\WINDOWS\SYSTEM32\VERSION.dll
0x00007ffd1d020000 - 0x00007ffd1d034000 	C:\WINDOWS\SYSTEM32\UMPDC.dll
0x00007ffd1c060000 - 0x00007ffd1c07b000 	C:\WINDOWS\SYSTEM32\kernel.appcore.dll
0x00007ffcf4c80000 - 0x00007ffcf4c8a000 	c:\Users\flori\.vscode\extensions\redhat.java-1.47.0-win32-x64\jre\21.0.8-win32-x86_64\bin\jimage.dll
0x00007ffd1a1c0000 - 0x00007ffd1a402000 	C:\WINDOWS\SYSTEM32\DBGHELP.DLL
0x00007ffd1eb30000 - 0x00007ffd1eeab000 	C:\WINDOWS\System32\combase.dll
0x00007ffd1f250000 - 0x00007ffd1f327000 	C:\WINDOWS\System32\OLEAUT32.dll
0x00007ffd007f0000 - 0x00007ffd0082c000 	C:\WINDOWS\SYSTEM32\dbgcore.DLL
0x00007ffd1dbe0000 - 0x00007ffd1dc78000 	C:\WINDOWS\System32\bcryptPrimitives.dll
0x00007ffcf4c70000 - 0x00007ffcf4c7f000 	c:\Users\flori\.vscode\extensions\redhat.java-1.47.0-win32-x64\jre\21.0.8-win32-x86_64\bin\instrument.dll
0x00007ffcf4c50000 - 0x00007ffcf4c6f000 	c:\Users\flori\.vscode\extensions\redhat.java-1.47.0-win32-x64\jre\21.0.8-win32-x86_64\bin\java.dll
0x00007ffd1e2c0000 - 0x00007ffd1ea0d000 	C:\WINDOWS\System32\SHELL32.dll
0x00007ffd1dcb0000 - 0x00007ffd1de1b000 	C:\WINDOWS\System32\wintypes.dll
0x00007ffd1aee0000 - 0x00007ffd1b73d000 	C:\WINDOWS\SYSTEM32\windows.storage.dll
0x00007ffd1ffa0000 - 0x00007ffd20092000 	C:\WINDOWS\System32\SHCORE.dll
0x00007ffd1ded0000 - 0x00007ffd1df32000 	C:\WINDOWS\System32\shlwapi.dll
0x00007ffd1d1b0000 - 0x00007ffd1d1d9000 	C:\WINDOWS\SYSTEM32\profapi.dll
0x00007ffcdf5c0000 - 0x00007ffcdf5d8000 	c:\Users\flori\.vscode\extensions\redhat.java-1.47.0-win32-x64\jre\21.0.8-win32-x86_64\bin\zip.dll
0x00007ffd0f180000 - 0x00007ffd0f190000 	C:\Users\flori\.vscode\extensions\redhat.java-1.47.0-win32-x64\jre\21.0.8-win32-x86_64\bin\net.dll
0x00007ffd13f70000 - 0x00007ffd1408f000 	C:\WINDOWS\SYSTEM32\WINHTTP.dll
0x00007ffd1c5d0000 - 0x00007ffd1c63b000 	C:\WINDOWS\system32\mswsock.dll
0x00007ffd0bb40000 - 0x00007ffd0bb56000 	C:\Users\flori\.vscode\extensions\redhat.java-1.47.0-win32-x64\jre\21.0.8-win32-x86_64\bin\nio.dll
0x00007ffd04240000 - 0x00007ffd04250000 	c:\Users\flori\.vscode\extensions\redhat.java-1.47.0-win32-x64\jre\21.0.8-win32-x86_64\bin\verify.dll
0x00007ffcd9570000 - 0x00007ffcd95b4000 	C:\Users\flori\AppData\Roaming\Code\User\globalStorage\redhat.java\1.47.0\config_win\org.eclipse.equinox.launcher\org.eclipse.equinox.launcher.win32.win32.x86_64_1.2.1400.v20250801-0854\eclipse_11916.dll
0x00007ffd1fd70000 - 0x00007ffd1ff08000 	C:\WINDOWS\System32\ole32.dll
0x00007ffd1c890000 - 0x00007ffd1c8ab000 	C:\WINDOWS\SYSTEM32\CRYPTSP.dll
0x00007ffd1bfc0000 - 0x00007ffd1bffb000 	C:\WINDOWS\system32\rsaenh.dll
0x00007ffd1c670000 - 0x00007ffd1c69b000 	C:\WINDOWS\SYSTEM32\USERENV.dll
0x00007ffd1d180000 - 0x00007ffd1d1a6000 	C:\WINDOWS\SYSTEM32\bcrypt.dll
0x00007ffd1c880000 - 0x00007ffd1c88c000 	C:\WINDOWS\SYSTEM32\CRYPTBASE.dll
0x00007ffd1bab0000 - 0x00007ffd1bae4000 	C:\WINDOWS\SYSTEM32\IPHLPAPI.DLL
0x00007ffd1e200000 - 0x00007ffd1e20a000 	C:\WINDOWS\System32\NSI.dll
0x00007ffd0bb60000 - 0x00007ffd0bba9000 	C:\Users\flori\AppData\Local\Temp\jna-97526880\jna15047962835796321806.dll
0x00007ffd1e010000 - 0x00007ffd1e018000 	C:\WINDOWS\System32\PSAPI.DLL
0x00007ffd14130000 - 0x00007ffd1414e000 	C:\WINDOWS\SYSTEM32\dhcpcsvc6.DLL
0x00007ffd140a0000 - 0x00007ffd140c3000 	C:\WINDOWS\SYSTEM32\dhcpcsvc.DLL

JVMTI agents:
c:\Users\flori\.vscode\extensions\redhat.java-1.47.0-win32-x64\lombok\lombok-1.18.39-4050.jar path:c:\Users\flori\.vscode\extensions\redhat.java-1.47.0-win32-x64\jre\21.0.8-win32-x86_64\bin\instrument.dll, loaded, initialized, instrumentlib options:none

dbghelp: loaded successfully - version: 4.0.5 - missing functions: none
symbol engine: initialized successfully - sym options: 0x614 - pdb path: .;c:\Users\flori\.vscode\extensions\redhat.java-1.47.0-win32-x64\jre\21.0.8-win32-x86_64\bin;C:\WINDOWS\SYSTEM32;C:\WINDOWS\WinSxS\amd64_microsoft.windows.common-controls_6595b64144ccf1df_6.0.26100.6899_none_3e0efeeae32e88c1;c:\Users\flori\.vscode\extensions\redhat.java-1.47.0-win32-x64\jre\21.0.8-win32-x86_64\bin\server;C:\Users\flori\AppData\Roaming\Code\User\globalStorage\redhat.java\1.47.0\config_win\org.eclipse.equinox.launcher\org.eclipse.equinox.launcher.win32.win32.x86_64_1.2.1400.v20250801-0854;C:\Users\flori\AppData\Local\Temp\jna-97526880

VM Arguments:
jvm_args: --add-modules=ALL-SYSTEM --add-opens=java.base/java.util=ALL-UNNAMED --add-opens=java.base/java.lang=ALL-UNNAMED --add-opens=java.base/sun.nio.fs=ALL-UNNAMED -Declipse.application=org.eclipse.jdt.ls.core.id1 -Dosgi.bundles.defaultStartLevel=4 -Declipse.product=org.eclipse.jdt.ls.core.product -Djava.import.generatesMetadataFilesAtProjectRoot=false -DDetectVMInstallationsJob.disabled=true -Dfile.encoding=utf8 -XX:+UseParallelGC -XX:GCTimeRatio=4 -XX:AdaptiveSizePolicyWeight=90 -Dsun.zip.disableMemoryMapping=true -Xmx2G -Xms100m -Xlog:disable -javaagent:c:\Users\flori\.vscode\extensions\redhat.java-1.47.0-win32-x64\lombok\lombok-1.18.39-4050.jar -XX:+HeapDumpOnOutOfMemoryError -XX:HeapDumpPath=c:\Users\flori\AppData\Roaming\Code\User\workspaceStorage\922dd2b1b8cc3bc3e6c8fdcfeb8b0709\redhat.java -Daether.dependencyCollector.impl=bf 
java_command: c:\Users\flori\.vscode\extensions\redhat.java-1.47.0-win32-x64\server\plugins\org.eclipse.equinox.launcher_1.7.100.v20251014-1222.jar -configuration c:\Users\flori\AppData\Roaming\Code\User\globalStorage\redhat.java\1.47.0\config_win -data c:\Users\flori\AppData\Roaming\Code\User\workspaceStorage\922dd2b1b8cc3bc3e6c8fdcfeb8b0709\redhat.java\jdt_ws --pipe=\\.\pipe\lsp-c6baf6f4c1bf856231ace47aa9958a23-sock
java_class_path (initial): c:\Users\flori\.vscode\extensions\redhat.java-1.47.0-win32-x64\server\plugins\org.eclipse.equinox.launcher_1.7.100.v20251014-1222.jar
Launcher Type: SUN_STANDARD

[Global flags]
    uintx AdaptiveSizePolicyWeight                 = 90                                        {product} {command line}
     intx CICompilerCount                          = 3                                         {product} {ergonomic}
    uintx GCTimeRatio                              = 4                                         {product} {command line}
     bool HeapDumpOnOutOfMemoryError               = true                                   {manageable} {command line}
    ccstr HeapDumpPath                             = c:\Users\flori\AppData\Roaming\Code\User\workspaceStorage\922dd2b1b8cc3bc3e6c8fdcfeb8b0709\redhat.java         {manageable} {command line}
   size_t InitialHeapSize                          = 104857600                                 {product} {command line}
   size_t MaxHeapSize                              = 2147483648                                {product} {command line}
   size_t MaxNewSize                               = 715653120                                 {product} {ergonomic}
   size_t MinHeapDeltaBytes                        = 524288                                    {product} {ergonomic}
   size_t MinHeapSize                              = 104857600                                 {product} {command line}
   size_t NewSize                                  = 34603008                                  {product} {ergonomic}
    uintx NonNMethodCodeHeapSize                   = 5832780                                {pd product} {ergonomic}
    uintx NonProfiledCodeHeapSize                  = 122912730                              {pd product} {ergonomic}
   size_t OldSize                                  = 70254592                                  {product} {ergonomic}
    uintx ProfiledCodeHeapSize                     = 122912730                              {pd product} {ergonomic}
    uintx ReservedCodeCacheSize                    = 251658240                              {pd product} {ergonomic}
     bool SegmentedCodeCache                       = true                                      {product} {ergonomic}
   size_t SoftMaxHeapSize                          = 2147483648                             {manageable} {ergonomic}
     bool UseCompressedOops                        = true                           {product lp64_product} {ergonomic}
     bool UseLargePagesIndividualAllocation        = false                                  {pd product} {ergonomic}
     bool UseParallelGC                            = true                                      {product} {command line}

Logging:
Log output configuration:
 #0: stdout all=off uptime,level,tags foldmultilines=false
 #1: stderr all=off uptime,level,tags foldmultilines=false

Environment Variables:
JAVA_HOME=C:\Program Files\OpenJDK\jdk-21
PATH=C:\Python314\Scripts\;C:\Python314\;C:\Program Files\OpenJDK\jdk-21\bin;C:\Program Files (x86)\Common Files\Oracle\Java\java8path;C:\Program Files (x86)\Common Files\Oracle\Java\javapath;C:\WINDOWS\system32;C:\WINDOWS;C:\WINDOWS\System32\Wbem;C:\WINDOWS\System32\WindowsPowerShell\v1.0\;C:\WINDOWS\System32\OpenSSH\;C:\ProgramData\chocolatey\bin;C:\Program Files\dotnet\;C:\Program Files\Docker\Docker\resources\bin;C:\Program Files\Git\cmd;C:\Users\flori\OneDrive\Dokumente\apache-maven-3.9.9-bin\apache-maven-3.9.9\bin;C:\Program Files\OpenJDK\jdk-21\bin;C:\Program Files (x86)\BaseX\bin;C:\Program Files\nodejs\;C:\Users\flori\.deno\bin;C:\Users\flori\AppData\Local\Microsoft\WindowsApps;C:\Users\flori\AppData\Local\Programs\Microsoft VS Code\bin;C:\Users\flori\AppData\Roaming\npm;C:\Program Files\nodejs;C:\Users\flori\.deno\bin
USERNAME=flori
OS=Windows_NT
PROCESSOR_IDENTIFIER=AMD64 Family 23 Model 96 Stepping 1, AuthenticAMD
TMP=C:\Users\flori\AppData\Local\Temp
TEMP=C:\Users\flori\AppData\Local\Temp




Periodic native trim disabled

---------------  S Y S T E M  ---------------

OS:
 Windows 11 , 64 bit Build 26100 (10.0.26100.6725)
OS uptime: 0 days 6:46 hours
Hyper-V role detected

CPU: total 6 (initial active 6) (6 cores per cpu, 1 threads per core) family 23 model 96 stepping 1 microcode 0x8600104, cx8, cmov, fxsr, mmx, 3dnowpref, sse, sse2, sse3, ssse3, sse4a, sse4.1, sse4.2, popcnt, lzcnt, tsc, tscinvbit, avx, avx2, aes, clmul, bmi1, bmi2, adx, sha, fma, vzeroupper, clflush, clflushopt, hv, rdtscp, rdpid, f16c
Processor Information for the first 6 processors :
  Max Mhz: 2375, Current Mhz: 2375, Mhz Limit: 2375

Memory: 4k page, system-wide physical 7533M (669M free)
TotalPageFile size 15725M (AvailPageFile size 4M)
current process WorkingSet (physical memory assigned to process): 225M, peak: 247M
current process commit charge ("private bytes"): 331M, peak: 352M

vm_info: OpenJDK 64-Bit Server VM (21.0.8+9-LTS) for windows-amd64 JRE (21.0.8+9-LTS), built on 2025-07-15T00:00:00Z by "admin" with MS VC++ 17.7 (VS2022)

END.
